Warning: You are sending unauthenticated requests to the HF Hub. Please set a HF_TOKEN to enable higher rate limits and faster downloads.
Loading weights:   0%|          | 0/473 [00:00<?, ?it/s]Loading weights: 100%|##########| 473/473 [00:00<00:00, 8456.37it/s]
[1mBlipForConditionalGeneration LOAD REPORT[0m from: Salesforce/blip-image-captioning-base
Key                                       | Status     |  | 
------------------------------------------+------------+--+-
text_decoder.bert.embeddings.position_ids | UNEXPECTED |  | 

Notes:
- UNEXPECTED:	can be ignored when loading from different task/architecture; not ok if you expect identical arch.
Traceback (most recent call last):
  File "C:\IRIS\scripts\_precache_diag4.py", line 20, in <module>
    save_index(idx, cache)
    ~~~~~~~~~~^^^^^^^^^^^^
  File "C:\IRIS\iris\ingest.py", line 303, in save_index
    arrays: dict[str, np.ndarray] = {"__manifest__": np.array(json.dumps(manifest))}
                                                              ~~~~~~~~~~^^^^^^^^^^
  File "C:\Users\sidda\AppData\Local\Programs\Python\Python313\Lib\json\__init__.py", line 231, in dumps
    return _default_encoder.encode(obj)
           ~~~~~~~~~~~~~~~~~~~~~~~^^^^^
  File "C:\Users\sidda\AppData\Local\Programs\Python\Python313\Lib\json\encoder.py", line 200, in encode
    chunks = self.iterencode(o, _one_shot=True)
  File "C:\Users\sidda\AppData\Local\Programs\Python\Python313\Lib\json\encoder.py", line 261, in iterencode
    return _iterencode(o, 0)
TypeError: keys must be str, int, float, bool or None, not tuple
