====================================================================================================
FULL AUDIT TRAIL: original -> stripped-kernel -> normalized-kernel
====================================================================================================
    ORIGINAL:   'Based on the provided frame evidence, it appears that there is indeed a car in the parking lot.'
    STRIPPED:   'Based on the provided frame evidence, it appears that there is indeed a car in the parking lot.'
    NORMALIZED: 'there is indeed a car in the parking lot.'

    ORIGINAL:   'Specifically, Frame 24993 shows a parking lot with an action score of 1.00 and persistence of 1.00, indicating high confidence in the presence of a car.'
    STRIPPED:   'Specifically, Frame 24993 shows a parking lot .00 .00, indicating high confidence in the presence of a car.'
    NORMALIZED: 'there is a parking lot .00 .00, indicating high confidence in the presence of a car.'
    metadata_fields: ['action_score', 'persistence_value']

    ORIGINAL:   'Additionally, Frame 25069 also depicts a car parked in a parking lot with an action score of 0.97 and persistence of 0.96.'
    STRIPPED:   'Additionally, Frame 25069 also depicts a car parked in a parking lot .97 .96.'
    NORMALIZED: 'there is a car parked in a parking lot .97 .96.'
    metadata_fields: ['action_score', 'persistence_value']

    ORIGINAL:   'These frames provide strong evidence for the presence of a car in the parking lot.'
    STRIPPED:   'These frames provide strong evidence for the presence of a car in the parking lot.'
    NORMALIZED: 'These frames provide strong evidence for the presence of a car in the parking lot.'

    ORIGINAL:   'Based on the provided frame evidence, it appears that there are vehicles parked in a parking lot.'
    STRIPPED:   'Based on the provided frame evidence, it appears that there are vehicles parked in a parking lot.'
    NORMALIZED: 'there are vehicles parked in a parking lot.'

    ORIGINAL:   'Specifically: Frame 25069 shows a car parked in a parking lot with an Action Score of 0.97 and Persistence of 0.96.'
    STRIPPED:   'Specifically: Frame 25069 shows a car parked in a parking lot .97 .96.'
    NORMALIZED: 'there is a car parked in a parking lot .97 .96.'
    metadata_fields: ['action_score', 'persistence_value']

    ORIGINAL:   'Frames 4384 and 3334 also show a parking lot with Action Scores ranging from 0.92 to 0.95, indicating that the presence of vehicles is likely.'
    STRIPPED:   'Frames 4384 and 3334 also show a parking lot .92 to 0.95, indicating that the presence of vehicles is likely.'
    NORMALIZED: 'and 3334 also show a parking lot .92 to 0.95, indicating that the presence of vehicles is likely.'
    metadata_fields: ['action_score']

    ORIGINAL:   "However, it's worth noting that Frame 24934 shows only a parking lot without any visible vehicles, which might suggest that the vehicle in question has left or not been detected yet."
    STRIPPED:   "However, it's worth noting that Frame 24934 shows only a parking lot without any visible vehicles, which might suggest that the vehicle in question has left or not been detected yet."
    NORMALIZED: "it's worth noting that there is only a parking lot without any visible vehicles, which might suggest that the vehicle in question has left or not been detected yet."

    ORIGINAL:   'Based on the provided frame evidence, it appears that no one is actively loading a vehicle.'
    STRIPPED:   'Based on the provided frame evidence, it appears that no one is actively loading a vehicle.'
    NORMALIZED: 'no one is actively loading a vehicle.'

    ORIGINAL:   'The frames with high action scores (0.96 or higher) show a car parked in a parking lot at timestamps 793.4s, 795.4s, 24169s, and 24423s.'
    STRIPPED:   'The frames with high action scores (0.96 or higher) show a car parked in a parking lot at timestamps 793.4s, 795.4s, 24169s, and 24423s.'
    NORMALIZED: 'The frames with high action scores (0.96 or higher) show a car parked in a parking lot at timestamps 793.4s, 795.4s, 24169s, and 24423s.'

    ORIGINAL:   'These frames suggest that the car has been stationary for some time.'
    STRIPPED:   'These frames suggest that the car has been stationary for some time.'
    NORMALIZED: 'These frames suggest that the car has been stationary for some time.'

    ORIGINAL:   'Additionally, frame 23760 shows a low persistence score of 0.00, indicating that the object (in this case, the car) was not detected in the previous frame, suggesting it may have moved or disappeared from view.'
    STRIPPED:   'Additionally, frame 23760 shows a low .00, indicating that the object (in this case, the car) was not detected in the previous frame, suggesting it may have moved or disappeared from view.'
    NORMALIZED: 'there is a low .00, indicating that the object (in this case, the car) was not detected in the previous frame, suggesting it may have moved or disappeared from view.'
    metadata_fields: ['persistence_value']
    ** FLAGGED MANGLED **

    ORIGINAL:   'There is no frame with high action scores showing someone loading a vehicle, which suggests that no one is actively loading a vehicle based on the provided evidence.'
    STRIPPED:   'There is no frame with high action scores showing someone loading a vehicle, which suggests that no one is actively loading a vehicle based on the provided evidence.'
    NORMALIZED: 'There is no frame with high action scores showing someone loading a vehicle, which suggests that no one is actively loading a vehicle based on the provided evidence.'

    ORIGINAL:   "Based on the provided frame evidence, I couldn't find any clear indication of a fire or smoke."
    STRIPPED:   "Based on the provided frame evidence, I couldn't find any clear indication of a fire or smoke."
    NORMALIZED: "I couldn't find any clear indication of a fire or smoke."

    ORIGINAL:   'The captions consistently show a "red brick building" throughout all frames, with no mention of flames, smoke, or any other signs of fire.'
    STRIPPED:   'The captions consistently show a "red brick building" throughout all frames, with no mention of flames, smoke, or any other signs of fire.'
    NORMALIZED: 'The captions consistently show a "red brick building" throughout all frames, with no mention of flames, smoke, or any other signs of fire.'

    ORIGINAL:   "The action scores and persistence values suggest that the building is being detected in each frame, but there's no visual evidence to support the presence of a fire or smoke."
    STRIPPED:   "The action scores , but there's no visual evidence to support the presence of a fire or smoke."
    NORMALIZED: "The action scores , but there's no visual evidence to support the presence of a fire or smoke."
    metadata_fields: ['persistence_value']

    ORIGINAL:   'Yes, based on the provided frames, it appears that a group of people are walking down a street at different timestamps.'
    STRIPPED:   'Yes, based on the provided frames, it appears that a group of people are walking down a street at different timestamps.'
    NORMALIZED: 'Yes, based on the provided frames, it appears that a group of people are walking down a street at different timestamps.'

    ORIGINAL:   'Specifically: Frame 10263 (342.4s): A group of people walking down a street with an action score of 0.97.'
    STRIPPED:   'Specifically: Frame 10263 (342.4s): A group of people walking down a street .97.'
    NORMALIZED: '(342.4s): A group of people walking down a street .97.'
    metadata_fields: ['action_score']

    ORIGINAL:   'Frame 2268 (75.7s) and Frame 2298 (76.7s): Also show a group of people walking down a street, both with an action score of 1.00.'
    STRIPPED:   'Frame 2268 (75.7s) and Frame 2298 (76.7s): Also show a group of people walking down a street, both .00.'
    NORMALIZED: '(75.7s) and (76.7s): Also show a group of people walking down a street, both .00.'
    metadata_fields: ['action_score']

    ORIGINAL:   "However, it's worth noting that there is also a frame (Frame 2793 at 93.2s) showing a parking lot, which suggests that the walking activity may have stopped or changed location around this time."Warning: You are sending unauthenticated requests to the HF Hub. Please set a HF_TOKEN to enable higher rate limits and faster downloads.

    STRIPPED:   "However, it's worth noting that there is also a frame (Frame 2793 at 93.2s) showing a parking lot, which suggests that the walking activity may have stopped or changed location around this time."
    NORMALIZED: "it's worth noting that there is also a frame showing a parking lot, which suggests that the walking activity may have stopped or changed location around this time."

    ORIGINAL:   'Based on the provided frame evidence, it appears that there are instances where a person is visible in the scene.'
    STRIPPED:   'Based on the provided frame evidence, it appears that there are instances where a person is visible in the scene.'
    NORMALIZED: 'there are instances where a person is visible in the scene.'

    ORIGINAL:   'For example: Frame 2148 (Timestamp: 71.7s) shows a group of people walking down a street with an Action Score of 1.00, indicating high confidence in detecting people.'
    STRIPPED:   'For example: Frame 2148 (Timestamp: 71.7s) shows a group of people walking down a street .00, indicating high confidence in detecting people.'
    NORMALIZED: 'For example: shows a group of people walking down a street .00, indicating high confidence in detecting people.'
    metadata_fields: ['action_score']

    ORIGINAL:   'Frame 26988 (Timestamp: 900.5s) shows a person walking down a street in a parking lot with an Action Score of 0.99, indicating high confidence in detecting people.'
    STRIPPED:   'Frame 26988 (Timestamp: 900.5s) shows a person walking down a street in a parking lot .99, indicating high confidence in detecting people.'
    NORMALIZED: 'shows a person walking down a street in a parking lot .99, indicating high confidence in detecting people.'
    metadata_fields: ['action_score']

    ORIGINAL:   'Frame 18708 (Timestamp: 624.2s) also shows a group of people walking down a street with an Action Score of 1.00.'
    STRIPPED:   'Frame 18708 (Timestamp: 624.2s) also shows a group of people walking down a street .00.'
    NORMALIZED: 'also shows a group of people walking down a street .00.'
    metadata_fields: ['action_score']

    ORIGINAL:   'However, there are some frames where the presence of a person is not explicitly confirmed: Frame 2118 (Timestamp: 70.7s) shows a group of people walking down a sidewalk but does not provide clear evidence of individual people.'
    STRIPPED:   'However, there are some frames where the presence of a person is not explicitly confirmed: Frame 2118 (Timestamp: 70.7s) shows a group of people walking down a sidewalk but does not provide clear evidence of individual people.'
    NORMALIZED: 'there are some frames where the presence of a person is not explicitly confirmed: shows a group of people walking down a sidewalk but does not provide clear evidence of individual people.'

    ORIGINAL:   'Frame 26913 (Timestamp: 898.0s) shows a person walking down a sidewalk in a parking lot, but the Action Score is only 0.99.'
    STRIPPED:   'Frame 26913 (Timestamp: 898.0s) shows a person walking down a sidewalk in a parking lot, but the Action Score is only 0.99.'
    NORMALIZED: 'shows a person walking down a sidewalk in a parking lot, but the Action Score is only 0.99.'

    ORIGINAL:   "Overall, while there are some frames that suggest the presence of a person, it's not possible to confirm with certainty based on the provided evidence."
    STRIPPED:   "Overall, while there are some frames that suggest the presence of a person, it's not possible to confirm with certainty based on the provided evidence."
    NORMALIZED: "Overall, while there are some frames that suggest the presence of a person, it's not possible to confirm with certainty based on the provided evidence."

    ORIGINAL:   "Based on the provided frame evidence, I couldn't find any clear indication of an unattended bag."
    STRIPPED:   "Based on the provided frame evidence, I couldn't find any clear indication of an unattended bag."
    NORMALIZED: "I couldn't find any clear indication of an unattended bag."

    ORIGINAL:   'The frames show people walking down sidewalks and streets, but none of them are carrying or leaving behind a visible bag.'
    STRIPPED:   'The frames show people walking down sidewalks and streets, but none of them are carrying or leaving behind a visible bag.'
    NORMALIZED: 'The frames show people walking down sidewalks and streets, but none of them are carrying or leaving behind a visible bag.'

    ORIGINAL:   "However, Frame 23748 shows a car parked in a parking lot, which might be worth investigating further to see if there's anything unusual about the vehicle or its surroundings."
    STRIPPED:   "However, Frame 23748 shows a car parked in a parking lot, which might be worth investigating further to see if there's anything unusual about the vehicle or its surroundings."
    NORMALIZED: "there is a car parked in a parking lot, which might be worth investigating further to see if there's anything unusual about the vehicle or its surroundings."

    ORIGINAL:   "But without more context or additional frames, I couldn't confirm whether it's related to an unattended bag or not."
    STRIPPED:   "But without more context or additional frames, I couldn't confirm whether it's related to an unattended bag or not."
    NORMALIZED: "But without more context or additional frames, I couldn't confirm whether it's related to an unattended bag or not."

    ORIGINAL:   "If you have any more frames or context, I'd be happy to help you investigate further!"
    STRIPPED:   "If you have any more frames or context, I'd be happy to help you investigate further!"
    NORMALIZED: "If you have any more frames or context, I'd be happy to help you investigate further!"

    ORIGINAL:   'Based on the provided frame evidence, there is no indication of anyone running or fleeing.'
    STRIPPED:   'Based on the provided frame evidence, there is no indication of anyone running or fleeing.'
    NORMALIZED: 'there is no indication of anyone running or fleeing.'

    ORIGINAL:   'The action scores for all frames show people walking down a street, with some slight variations in persistence and selection reason.'
    STRIPPED:   'The action scores for all frames show people walking down a street, with some slight variations in .'
    NORMALIZED: 'The action scores for all frames show people walking down a street, with some slight variations in .'
    metadata_fields: ['persistence_value', 'is_peak/selection_reason']
    ** FLAGGED MANGLED **

    ORIGINAL:   'The timestamps and captions suggest that the group of people are simply moving forward, without any signs of urgency or distress.'
    STRIPPED:   'The timestamps and captions suggest that the group of people are simply moving forward, without any signs of urgency or distress.'
    NORMALIZED: 'The timestamps and captions suggest that the group of people are simply moving forward, without any signs of urgency or distress.'

  claims flagged mangled (normalized kernel) on audit: 2

====================================================================================================
BOUND NLI REPLAY: (normalized_kernel, cited frame's caption_only)
====================================================================================================
Loading weights:   0%|          | 0/202 [00:00<?, ?it/s]Loading weights: 100%|##########| 202/202 [00:00<00:00, 5818.54it/s]
[1mDebertaV2ForSequenceClassification LOAD REPORT[0m from: cross-encoder/nli-deberta-v3-base
Key                             | Status     |  | 
--------------------------------+------------+--+-
deberta.embeddings.position_ids | UNEXPECTED |  | 

Notes:
- UNEXPECTED:	can be ignored when loading from different task/architecture; not ok if you expect identical arch.
    query='Is there a car in the parking lot?'
    normalized_kernel='there is a parking lot .00 .00, indicating high confidence in the presence of a car.'
      vs frame_idx=24993 caption='a parking lot.' -> label=neutral score=0.1133
    ARGMAX: frame_idx=24993 label=neutral score=0.1133

    query='Is there a car in the parking lot?'
    normalized_kernel='there is a car parked in a parking lot .97 .96.'
      vs frame_idx=25069 caption='a car parked in a parking lot.' -> label=entailment score=0.9876
    ARGMAX: frame_idx=25069 label=entailment score=0.9876

    query='Are there vehicles parked?'
    normalized_kernel='there is a car parked in a parking lot .97 .96.'
      vs frame_idx=25069 caption='a car parked in a parking lot.' -> label=entailment score=0.9876
    ARGMAX: frame_idx=25069 label=entailment score=0.9876

    query='Are there vehicles parked?'
    normalized_kernel='and 3334 also show a parking lot .92 to 0.95, indicating that the presence of vehicles is likely.'
      vs frame_idx=4384 caption='a parking lot.' -> label=neutral score=0.0182
    ARGMAX: frame_idx=4384 label=neutral score=0.0182

    query='Are there vehicles parked?'
    normalized_kernel="it's worth noting that there is only a parking lot without any visible vehicles, which might suggest that the vehicle in question has left or not been detected yet."
      vs frame_idx=24934 caption='a parking lot.' -> label=neutral score=0.0003
    ARGMAX: frame_idx=24934 label=neutral score=0.0003

    query='Is anyone loading a vehicle?'
    normalized_kernel='The frames with high action scores (0.96 or higher) show a car parked in a parking lot at timestamps 793.4s, 795.4s, 24169s, and 24423s.'
      vs frame_idx=23778 caption='a car parked in a parking lot.' -> label=neutral score=0.0040
      vs frame_idx=23839 caption='a car parked in a parking lot.' -> label=neutral score=0.0040
    ARGMAX: frame_idx=23778 label=neutral score=0.0040

    query='Is anyone loading a vehicle?'
    normalized_kernel='there is a low .00, indicating that the object (in this case, the car) was not detected in the previous frame, suggesting it may have moved or disappeared from view.'
      vs frame_idx=23760 caption='a car parked in a parking lot.' -> label=neutral score=0.0137
    ARGMAX: frame_idx=23760 label=neutral score=0.0137

    query='Is anyone walking?'
    normalized_kernel='(342.4s): A group of people walking down a street .97.'
      vs frame_idx=10263 caption='a group of people walking down a street.' -> label=contradiction score=0.0453
    ARGMAX: frame_idx=10263 label=contradiction score=0.0453

    query='Is anyone walking?'
    normalized_kernel='(75.7s) and (76.7s): Also show a group of people walking down a street, both .00.'
      vs frame_idx=2268 caption='a group of people walking down a street.' -> label=contradiction score=0.0329
      vs frame_idx=2298 caption='a group of people walking down a street.' -> label=contradiction score=0.0329
    ARGMAX: frame_idx=2268 label=contradiction score=0.0329

    query='Is anyone walking?'
    normalized_kernel="it's worth noting that there is also a frame showing a parking lot, which suggests that the walking activity may have stopped or changed location around this time."
      vs frame_idx=2793 caption='a parking lot.' -> label=neutral score=0.0005
    ARGMAX: frame_idx=2793 label=neutral score=0.0005

    query='Is a person visible in the scene?'
    normalized_kernel='For example: shows a group of people walking down a street .00, indicating high confidence in detecting people.'
      vs frame_idx=2148 caption='a group of people walking down a street.' -> label=neutral score=0.0885
    ARGMAX: frame_idx=2148 label=neutral score=0.0885

    query='Is a person visible in the scene?'
    normalized_kernel='shows a person walking down a street in a parking lot .99, indicating high confidence in detecting people.'
      vs frame_idx=26988 caption='a person walking down a street in a parking.' -> label=neutral score=0.1149
    ARGMAX: frame_idx=26988 label=neutral score=0.1149

    query='Is a person visible in the scene?'
    normalized_kernel='also shows a group of people walking down a street .00.'
      vs frame_idx=18708 caption='a group of people walking down a street.' -> label=entailment score=0.8009
    ARGMAX: frame_idx=18708 label=entailment score=0.8009

    query='Is a person visible in the scene?'
    normalized_kernel='there are some frames where the presence of a person is not explicitly confirmed: shows a group of people walking down a sidewalk but does not provide clear evidence of individual people.'
      vs frame_idx=2118 caption='a group of people walking down a sidewalk.' -> label=entailment score=0.9902
    ARGMAX: frame_idx=2118 label=entailment score=0.9902

    query='Is a person visible in the scene?'
    normalized_kernel='shows a person walking down a sidewalk in a parking lot, but the Action Score is only 0.99.'
      vs frame_idx=26913 caption='a person walking down a sidewalk in a parking.' -> label=neutral score=0.0031
    ARGMAX: frame_idx=26913 label=neutral score=0.0031

    query='Is there an unattended bag?'
    normalized_kernel="there is a car parked in a parking lot, which might be worth investigating further to see if there's anything unusual about the vehicle or its surroundings."
      vs frame_idx=23748 caption='a car parked in a parking lot.' -> label=neutral score=0.0050
    ARGMAX: frame_idx=23748 label=neutral score=0.0050

====================================================================================================
VERDICT TABLE
====================================================================================================
  claim                                         | class              | live          | binding_normalized  
  ---------------------------------------------------------------------------------------------------------
  Based on the provided frame evidence, it a... | visual_assertion   | rejected      | no_citation(answer-semantics)
  Specifically, Frame 24993 shows a parking ... | metadata           | rejected      | unverifiable        
  Additionally, Frame 25069 also depicts a c... | metadata           | unverifiable  | verified_kernel     
  These frames provide strong evidence for t... | visual_assertion   | rejected      | no_citation(answer-semantics)
  Based on the provided frame evidence, it a... | visual_assertion   | verified      | no_citation(answer-semantics)
  Specifically: Frame 25069 shows a car park... | metadata           | rejected      | verified_kernel     
  Frames 4384 and 3334 also show a parking l... | metadata           | unverifiable  | unverifiable        
  However, it's worth noting that Frame 2493... | visual_assertion   | rejected      | unverifiable        
  Based on the provided frame evidence, it a... | visual_assertion   | unverifiable  | no_citation(answer-semantics)
  The frames with high action scores (0.96 o... | metadata           | unverifiable  | unverifiable        
  These frames suggest that the car has been... | visual_assertion   | verified      | no_citation(answer-semantics)
  Additionally, frame 23760 shows a low pers... | metadata           | unverifiable  | unverifiable        
  There is no frame with high action scores ... | metadata           | rejected      | no_citation(answer-semantics)
  Based on the provided frame evidence, I co... | visual_assertion   | unverifiable  | no_citation(answer-semantics)
  The captions consistently show a "red bric... | visual_assertion   | rejected      | no_citation(answer-semantics)
  The action scores and persistence values s... | metadata           | unverifiable  | no_citation(answer-semantics)
  Yes, based on the provided frames, it appe... | visual_assertion   | rejected      | no_citation(answer-semantics)
  Specifically: Frame 10263 (342.4s): A grou... | metadata           | rejected      | rejected            
  Frame 2268 (75.7s) and Frame 2298 (76.7s):... | metadata           | unverifiable  | rejected            
  However, it's worth noting that there is a... | visual_assertion   | unverifiable  | unverifiable        
  Based on the provided frame evidence, it a... | visual_assertion   | verified      | no_citation(answer-semantics)
  For example: Frame 2148 (Timestamp: 71.7s)... | metadata           | rejected      | unverifiable        
  Frame 26988 (Timestamp: 900.5s) shows a pe... | metadata           | rejected      | unverifiable        
  Frame 18708 (Timestamp: 624.2s) also shows... | metadata           | unverifiable  | verified_kernel     
  However, there are some frames where the p... | visual_assertion   | verified      | verified_kernel     
  Frame 26913 (Timestamp: 898.0s) shows a pe... | metadata           | rejected      | unverifiable        
  Overall, while there are some frames that ... | visual_assertion   | unverifiable  | no_citation(answer-semantics)
  Based on the provided frame evidence, I co... | visual_assertion   | rejected      | no_citation(answer-semantics)
  The frames show people walking down sidewa... | visual_assertion   | rejected      | no_citation(answer-semantics)
  However, Frame 23748 shows a car parked in... | visual_assertion   | unverifiable  | unverifiable        
  But without more context or additional fra... | visual_assertion   | unverifiable  | no_citation(answer-semantics)
  If you have any more frames or context, I'... | meta_commentary    | unverifiable  | no_citation(answer-semantics)
  Based on the provided frame evidence, ther... | visual_assertion   | verified      | no_citation(answer-semantics)
  The action scores for all frames show peop... | metadata           | rejected      | no_citation(answer-semantics)
  The timestamps and captions suggest that t... | visual_assertion   | rejected      | no_citation(answer-semantics)

====================================================================================================
SUMMARY
====================================================================================================
  entailments under normalized-kernel NLI replay: 4
  entailments under --binding-ceiling (unnormalized kernel):    0
  READ: normalization recovers 4 entailment(s) that unnormalized citation-binding did not.

