Warning: You are sending unauthenticated requests to the HF Hub. Please set a HF_TOKEN to enable higher rate limits and faster downloads.
####################################################################################################
# --split-premise: PASS 1  (C:\IRIS\diag_v4_moondream_captions_pass1.jsonl)
####################################################################################################

Loading weights:   0%|          | 0/202 [00:00<?, ?it/s]Loading weights: 100%|##########| 202/202 [00:00<00:00, 5896.82it/s]
[1mDebertaV2ForSequenceClassification LOAD REPORT[0m from: cross-encoder/nli-deberta-v3-base
Key                             | Status     |  | 
--------------------------------+------------+--+-
deberta.embeddings.position_ids | UNEXPECTED |  | 

Notes:
- UNEXPECTED:	can be ignored when loading from different task/architecture; not ok if you expect identical arch.
====================================================================================================
(C-split) FABRICATED PROBE, SPLIT PREMISES -- pass 1
====================================================================================================
  n pairs: 330
  whole-premise accepted (entailment): 2

    CLAIM: 'A dog runs across the parking lot.'
    frame_idx=23760
    FULL PREMISE (verbatim, as fed to the model): 'The image shows a gray car parked in front of a brick building with a triangular roof, possibly an apartment complex or a small office space. The car is positioned on the left side of the frame and appears to be facing away from the camera. In the background, there are several bicycles scattered around, indicating that this location might be a popular spot for cyclists.\n\nTwo people can be seen in the image - one person standing near the center-left part of the scene and another person closer to the right side. The presence of these individuals suggests that the area is frequented by pedestrians or residents who use various modes of transportation, such as cars and bicycles.'
    premise token count: 130
    whole-premise: label=entailment score=0.9868
    -- per-sentence table --
      sentence='The image shows a gray car parked in front of a brick building with a triangular roof, possibly an apartment complex or a small office space.' tokens=28 label=contradiction score=0.0000
      sentence='The car is positioned on the left side of the frame and appears to be facing away from the camera.' tokens=21 label=contradiction score=0.0000
      sentence='In the background, there are several bicycles scattered around, indicating that this location might be a popular spot for cyclists.' tokens=23 label=contradiction score=0.0000
      sentence='Two people can be seen in the image - one person standing near the center-left part of the scene and another person closer to the right side.' tokens=30 label=contradiction score=0.0000
      sentence='The presence of these individuals suggests that the area is frequented by pedestrians or residents who use various modes of transportation, such as cars and bicycles.' tokens=28 label=contradiction score=0.0000
    split-premise verdict: contradiction (best_score=0.0000, best_sentence='The presence of these individuals suggests that the area is frequented by pedestrians or residents who use various modes of transportation, such as cars and bicycles.')

    CLAIM: 'A fire truck is parked in the lot.'
    frame_idx=23760
    FULL PREMISE (verbatim, as fed to the model): 'The image shows a gray car parked in front of a brick building with a triangular roof, possibly an apartment complex or a small office space. The car is positioned on the left side of the frame and appears to be facing away from the camera. In the background, there are several bicycles scattered around, indicating that this location might be a popular spot for cyclists.\n\nTwo people can be seen in the image - one person standing near the center-left part of the scene and another person closer to the right side. The presence of these individuals suggests that the area is frequented by pedestrians or residents who use various modes of transportation, such as cars and bicycles.'
    premise token count: 130
    whole-premise: label=entailment score=0.9660
    -- per-sentence table --
      sentence='The image shows a gray car parked in front of a brick building with a triangular roof, possibly an apartment complex or a small office space.' tokens=28 label=contradiction score=0.0000
      sentence='The car is positioned on the left side of the frame and appears to be facing away from the camera.' tokens=21 label=contradiction score=0.0000
      sentence='In the background, there are several bicycles scattered around, indicating that this location might be a popular spot for cyclists.' tokens=23 label=contradiction score=0.0000
      sentence='Two people can be seen in the image - one person standing near the center-left part of the scene and another person closer to the right side.' tokens=30 label=contradiction score=0.0000
      sentence='The presence of these individuals suggests that the area is frequented by pedestrians or residents who use various modes of transportation, such as cars and bicycles.' tokens=28 label=neutral score=0.0003
    split-premise verdict: contradiction (best_score=0.0000, best_sentence='Two people can be seen in the image - one person standing near the center-left part of the scene and another person closer to the right side.')

  whole-premise accept count: 2/330
  split-premise accept count: 0/330

====================================================================================================
(B-split whole-premise baseline) -- pass 1
====================================================================================================
====================================================================================================
(B) BOUND-NLI REPLAY: normalized kernel vs Moondream caption (substituted premise)
====================================================================================================
    query='Is there a car in the parking lot?'
    normalized_kernel='there is a parking lot .00 .00, indicating high confidence in the presence of a car.'
      vs frame_idx=24993 moondream_caption='The image shows a parking lot with two cars parked in the center, one silver and one black. A person is walking towards the left side of the frame, while another individual can be seen on the right side. The scene takes place near a brick building, which appears to be an apartment complex or dormitory.' -> label=entailment score=0.9721
    ARGMAX: frame_idx=24993 label=entailment score=0.9721

    query='Is there a car in the parking lot?'
    normalized_kernel='there is a car parked in a parking lot .97 .96.'
      vs frame_idx=25069 moondream_caption='The image shows a parking lot with several cars parked, including one silver car and two black cars. The parking lot is situated in front of a brick building on the left side of the frame. A person can be seen walking towards the camera from the right side of the photo.' -> label=entailment score=0.9970
    ARGMAX: frame_idx=25069 label=entailment score=0.9970

    query='Are there vehicles parked?'
    normalized_kernel='there is a car parked in a parking lot .97 .96.'
      vs frame_idx=25069 moondream_caption='The image shows a parking lot with several cars parked, including one silver car and two black cars. The parking lot is situated in front of a brick building on the left side of the frame. A person can be seen walking towards the camera from the right side of the photo.' -> label=entailment score=0.9970
    ARGMAX: frame_idx=25069 label=entailment score=0.9970

    query='Are there vehicles parked?'
    normalized_kernel='and 3334 also show a parking lot .92 to 0.95, indicating that the presence of vehicles is likely.'
      vs frame_idx=4384 moondream_caption='The image shows a large brick building with a flat roof and multiple windows, situated in an empty parking lot surrounded by trees. The parking lot is mostly clear of cars or other vehicles, creating a sense of tranquility. In the background, there are several bicycles parked near the entrance to the building.' -> label=contradiction score=0.0001
    ARGMAX: frame_idx=4384 label=contradiction score=0.0001

    query='Are there vehicles parked?'
    normalized_kernel="it's worth noting that there is only a parking lot without any visible vehicles, which might suggest that the vehicle in question has left or not been detected yet."
      vs frame_idx=24934 moondream_caption='The image shows a parking lot with several cars parked in it, including one silver car and two black cars. The parking lot is situated next to a brick building, which has a large window on the right side of the frame. A few people can be seen walking around the area, adding life to the scene.' -> label=contradiction score=0.0000
    ARGMAX: frame_idx=24934 label=contradiction score=0.0000

    query='Is anyone loading a vehicle?'
    normalized_kernel='The frames with high action scores (0.96 or higher) show a car parked in a parking lot at timestamps 793.4s, 795.4s, 24169s, and 24423s.'
      vs frame_idx=23839 moondream_caption="The image shows a man standing next to his parked car in an empty parking lot, with the car's side facing the viewer. The parking lot is surrounded by brick buildings and trees, creating a serene atmosphere. A few other cars are also parked in the lot, but they appear smaller compared to the main subject.\n\nThere are two people visible in the scene - one standing near the man and another person further away from them." -> label=contradiction score=0.0040
      vs frame_idx=23778 moondream_caption="The image shows a man standing next to his parked car in an empty parking lot, with the car's side facing the viewer. The parking lot is surrounded by brick buildings and trees, creating a serene atmosphere. In the background, there are several bicycles scattered around, suggesting that people might have used them for transportation or exercise." -> label=neutral score=0.0009
    ARGMAX: frame_idx=23839 label=contradiction score=0.0040

    query='Is anyone loading a vehicle?'
    normalized_kernel='there is a low .00, indicating that the object (in this case, the car) was not detected in the previous frame, suggesting it may have moved or disappeared from view.'
      vs frame_idx=23760 moondream_caption='The image shows a gray car parked in front of a brick building with a triangular roof, possibly an apartment complex or a small office space. The car is positioned on the left side of the frame and appears to be facing away from the camera. In the background, there are several bicycles scattered around, indicating that this location might be a popular spot for cyclists.\n\nTwo people can be seen in the image - one person standing near the center-left part of the scene and another person closer to the right side. The presence of these individuals suggests that the area is frequented by pedestrians or residents who use various modes of transportation, such as cars and bicycles.' -> label=entailment score=0.9810
    ARGMAX: frame_idx=23760 label=entailment score=0.9810

    query='Is anyone walking?'
    normalized_kernel='(342.4s): A group of people walking down a street .97.'
      vs frame_idx=10263 moondream_caption="The image shows a group of people walking on the sidewalk in front of a brick building with a large window and a small tree nearby. The scene is captured from an aerial perspective, providing a bird's eye view of the area." -> label=entailment score=0.9738
    ARGMAX: frame_idx=10263 label=entailment score=0.9738

    query='Is anyone walking?'
    normalized_kernel='(75.7s) and (76.7s): Also show a group of people walking down a street, both .00.'
      vs frame_idx=2268 moondream_caption="The image shows a group of people walking on a sidewalk in front of a brick building with a large window and a small porch. The scene is captured from an aerial perspective, providing a bird's eye view of the activity below. There are at least six individuals visible in the frame, each engaged in their own journey down the street. Some of them appear to be walking alone or in pairs, while others seem to be part of a larger group." -> label=neutral score=0.0053
      vs frame_idx=2298 moondream_caption="The image shows a group of people walking on the sidewalk in front of a brick building with a large window and a small porch. The scene is captured from an aerial perspective, providing a bird's eye view of the activity below. There are at least six individuals visible in the frame, each engaged in their own journey down the street. Some of them are carrying backpacks or handbags as they walk along the sidewalk." -> label=neutral score=0.0024
    ARGMAX: frame_idx=2268 label=neutral score=0.0053

    query='Is anyone walking?'
    normalized_kernel="it's worth noting that there is also a frame showing a parking lot, which suggests that the walking activity may have stopped or changed location around this time."
      vs frame_idx=2793 moondream_caption='The image shows a large brick building with a flat roof and multiple windows, situated in an open area surrounded by trees. A group of people can be seen walking on the sidewalk near the building, which is located at the corner of two streets. The scene appears to be captured from an aerial perspective, providing a comprehensive view of the surroundings.' -> label=neutral score=0.0001
    ARGMAX: frame_idx=2793 label=neutral score=0.0001

    query='Is a person visible in the scene?'
    normalized_kernel='For example: shows a group of people walking down a street .00, indicating high confidence in detecting people.'
      vs frame_idx=2148 moondream_caption="The image shows a group of people walking on the sidewalk in front of a brick building with a large window and a small porch. The scene is captured from an aerial perspective, providing a bird's eye view of the area. In total, there are eight individuals visible, some closer to the camera while others are further away." -> label=neutral score=0.0024
    ARGMAX: frame_idx=2148 label=neutral score=0.0024

    query='Is a person visible in the scene?'
    normalized_kernel='shows a person walking down a street in a parking lot .99, indicating high confidence in detecting people.'
      vs frame_idx=26988 moondream_caption="The image shows a man walking on the sidewalk in front of a brick building, carrying a backpack and wearing a black jacket. The scene is captured from an aerial perspective, providing a bird's eye view of the area. In the background, there are several bicycles parked near the entrance to the building." -> label=neutral score=0.1369
    ARGMAX: frame_idx=26988 label=neutral score=0.1369

    query='Is a person visible in the scene?'
    normalized_kernel='also shows a group of people walking down a street .00.'
      vs frame_idx=18708 moondream_caption='The image shows a group of people walking on the sidewalk in front of a brick building, which appears to be an educational institution or a public facility. The individuals are engaged in conversation and appear to be enjoying their time together as they stroll along the street. In the background, there is a parking lot filled with several bicycles parked neatly against the wall.' -> label=neutral score=0.0102
    ARGMAX: frame_idx=18708 label=neutral score=0.0102

    query='Is a person visible in the scene?'
    normalized_kernel='there are some frames where the presence of a person is not explicitly confirmed: shows a group of people walking down a sidewalk but does not provide clear evidence of individual people.'
      vs frame_idx=2118 moondream_caption='The image shows a brick building with a sloping roof, surrounded by trees and bushes. A group of people can be seen walking on the sidewalk in front of the building, which is located near a parking lot filled with parked bicycles. The scene appears to be captured from an elevated perspective, providing a comprehensive view of the area.' -> label=entailment score=0.9190
    ARGMAX: frame_idx=2118 label=entailment score=0.9190

    query='Is a person visible in the scene?'
    normalized_kernel='shows a person walking down a sidewalk in a parking lot, but the Action Score is only 0.99.'
      vs frame_idx=26913 moondream_caption="The image shows a brick building with a large glass window and a smaller one on the side, situated in an empty parking lot surrounded by trees. A few people can be seen walking around the area, including two individuals closer to the left edge of the frame and another person further back near the right edge. The scene conveys a sense of tranquility and solitude as the building stands alone amidst nature's elements." -> label=contradiction score=0.0226
    ARGMAX: frame_idx=26913 label=contradiction score=0.0226

    query='Is there an unattended bag?'
    normalized_kernel="there is a car parked in a parking lot, which might be worth investigating further to see if there's anything unusual about the vehicle or its surroundings."
      vs frame_idx=23748 moondream_caption='The image shows a gray car parked in front of a red brick building with a triangular roof, which appears to be an apartment complex or dormitory. The car is positioned on the left side of the frame and has its door open. In the background, there are several bicycles scattered around the scene, suggesting that some residents may have opted for eco-friendly transportation options. A person can also be seen walking near one of the bicycles in the distance.' -> label=neutral score=0.0022
    ARGMAX: frame_idx=23748 label=neutral score=0.0022

====================================================================================================
VERDICT TABLE (Moondream-substituted)
====================================================================================================
  claim                                         | class              | live          | binding_moondream   
  ---------------------------------------------------------------------------------------------------------
  Based on the provided frame evidence, it a... | visual_assertion   | rejected      | no_citation(answer-semantics)
  Specifically, Frame 24993 shows a parking ... | metadata           | rejected      | verified_kernel     
  Additionally, Frame 25069 also depicts a c... | metadata           | unverifiable  | verified_kernel     
  These frames provide strong evidence for t... | visual_assertion   | rejected      | no_citation(answer-semantics)
  Based on the provided frame evidence, it a... | visual_assertion   | verified      | no_citation(answer-semantics)
  Specifically: Frame 25069 shows a car park... | metadata           | rejected      | verified_kernel     
  Frames 4384 and 3334 also show a parking l... | metadata           | unverifiable  | rejected            
  However, it's worth noting that Frame 2493... | visual_assertion   | rejected      | rejected            
  Based on the provided frame evidence, it a... | visual_assertion   | unverifiable  | no_citation(answer-semantics)
  The frames with high action scores (0.96 o... | metadata           | unverifiable  | rejected            
  These frames suggest that the car has been... | visual_assertion   | verified      | no_citation(answer-semantics)
  Additionally, frame 23760 shows a low pers... | metadata           | unverifiable  | verified_kernel     
  There is no frame with high action scores ... | metadata           | rejected      | no_citation(answer-semantics)
  Based on the provided frame evidence, I co... | visual_assertion   | unverifiable  | no_citation(answer-semantics)
  The captions consistently show a "red bric... | visual_assertion   | rejected      | no_citation(answer-semantics)
  The action scores and persistence values s... | metadata           | unverifiable  | no_citation(answer-semantics)
  Yes, based on the provided frames, it appe... | visual_assertion   | rejected      | no_citation(answer-semantics)
  Specifically: Frame 10263 (342.4s): A grou... | metadata           | rejected      | verified_kernel     
  Frame 2268 (75.7s) and Frame 2298 (76.7s):... | metadata           | unverifiable  | unverifiable        
  However, it's worth noting that there is a... | visual_assertion   | unverifiable  | unverifiable        
  Based on the provided frame evidence, it a... | visual_assertion   | verified      | no_citation(answer-semantics)
  For example: Frame 2148 (Timestamp: 71.7s)... | metadata           | rejected      | unverifiable        
  Frame 26988 (Timestamp: 900.5s) shows a pe... | metadata           | rejected      | unverifiable        
  Frame 18708 (Timestamp: 624.2s) also shows... | metadata           | unverifiable  | unverifiable        
  However, there are some frames where the p... | visual_assertion   | verified      | verified_kernel     
  Frame 26913 (Timestamp: 898.0s) shows a pe... | metadata           | rejected      | rejected            
  Overall, while there are some frames that ... | visual_assertion   | unverifiable  | no_citation(answer-semantics)
  Based on the provided frame evidence, I co... | visual_assertion   | rejected      | no_citation(answer-semantics)
  The frames show people walking down sidewa... | visual_assertion   | rejected      | no_citation(answer-semantics)
  However, Frame 23748 shows a car parked in... | visual_assertion   | unverifiable  | unverifiable        
  But without more context or additional fra... | visual_assertion   | unverifiable  | no_citation(answer-semantics)
  If you have any more frames or context, I'... | meta_commentary    | unverifiable  | no_citation(answer-semantics)
  Based on the provided frame evidence, ther... | visual_assertion   | verified      | no_citation(answer-semantics)
  The action scores for all frames show peop... | metadata           | rejected      | no_citation(answer-semantics)
  The timestamps and captions suggest that t... | visual_assertion   | rejected      | no_citation(answer-semantics)

  -- SUMMARY --
  entailments under Moondream-substituted bound-NLI replay: 6
  BLIP baseline (--kernel-normalize):                       4
  READ: Moondream recovers MORE entailments than BLIP (6 > 4).

====================================================================================================
(B-split) BOUND-NLI REPLAY, SPLIT PREMISES -- pass 1
====================================================================================================
    query='Is there a car in the parking lot?'
    normalized_kernel='there is a parking lot .00 .00, indicating high confidence in the presence of a car.'
      vs frame_idx=24993 best_sentence='The image shows a parking lot with two cars parked in the center, one silver and one black.' -> label=entailment score=0.9833
    ARGMAX: frame_idx=24993 label=entailment score=0.9833 sentence='The image shows a parking lot with two cars parked in the center, one silver and one black.'

    query='Is there a car in the parking lot?'
    normalized_kernel='there is a car parked in a parking lot .97 .96.'
      vs frame_idx=25069 best_sentence='The image shows a parking lot with several cars parked, including one silver car and two black cars.' -> label=entailment score=0.9945
    ARGMAX: frame_idx=25069 label=entailment score=0.9945 sentence='The image shows a parking lot with several cars parked, including one silver car and two black cars.'

    query='Are there vehicles parked?'
    normalized_kernel='there is a car parked in a parking lot .97 .96.'
      vs frame_idx=25069 best_sentence='The image shows a parking lot with several cars parked, including one silver car and two black cars.' -> label=entailment score=0.9945
    ARGMAX: frame_idx=25069 label=entailment score=0.9945 sentence='The image shows a parking lot with several cars parked, including one silver car and two black cars.'

    query='Are there vehicles parked?'
    normalized_kernel='and 3334 also show a parking lot .92 to 0.95, indicating that the presence of vehicles is likely.'
      vs frame_idx=4384 best_sentence='The parking lot is mostly clear of cars or other vehicles, creating a sense of tranquility.' -> label=contradiction score=0.0002
    ARGMAX: frame_idx=4384 label=contradiction score=0.0002 sentence='The parking lot is mostly clear of cars or other vehicles, creating a sense of tranquility.'

    query='Are there vehicles parked?'
    normalized_kernel="it's worth noting that there is only a parking lot without any visible vehicles, which might suggest that the vehicle in question has left or not been detected yet."
      vs frame_idx=24934 best_sentence='The image shows a parking lot with several cars parked in it, including one silver car and two black cars.' -> label=contradiction score=0.0000
    ARGMAX: frame_idx=24934 label=contradiction score=0.0000 sentence='The image shows a parking lot with several cars parked in it, including one silver car and two black cars.'

    query='Is anyone loading a vehicle?'
    normalized_kernel='The frames with high action scores (0.96 or higher) show a car parked in a parking lot at timestamps 793.4s, 795.4s, 24169s, and 24423s.'
      vs frame_idx=23839 best_sentence='There are two people visible in the scene - one standing near the man and another person further away from them.' -> label=contradiction score=0.0045
      vs frame_idx=23778 best_sentence='In the background, there are several bicycles scattered around, suggesting that people might have used them for transportation or exercise.' -> label=contradiction score=0.0001
    ARGMAX: frame_idx=23839 label=contradiction score=0.0045 sentence='There are two people visible in the scene - one standing near the man and another person further away from them.'

    query='Is anyone loading a vehicle?'
    normalized_kernel='there is a low .00, indicating that the object (in this case, the car) was not detected in the previous frame, suggesting it may have moved or disappeared from view.'
      vs frame_idx=23760 best_sentence='The image shows a gray car parked in front of a brick building with a triangular roof, possibly an apartment complex or a small office space.' -> label=contradiction score=0.0027
    ARGMAX: frame_idx=23760 label=contradiction score=0.0027 sentence='The image shows a gray car parked in front of a brick building with a triangular roof, possibly an apartment complex or a small office space.'

    query='Is anyone walking?'
    normalized_kernel='(342.4s): A group of people walking down a street .97.'
      vs frame_idx=10263 best_sentence='The image shows a group of people walking on the sidewalk in front of a brick building with a large window and a small tree nearby.' -> label=entailment score=0.9679
    ARGMAX: frame_idx=10263 label=entailment score=0.9679 sentence='The image shows a group of people walking on the sidewalk in front of a brick building with a large window and a small tree nearby.'

    query='Is anyone walking?'
    normalized_kernel='(75.7s) and (76.7s): Also show a group of people walking down a street, both .00.'
      vs frame_idx=2298 best_sentence='Some of them are carrying backpacks or handbags as they walk along the sidewalk.' -> label=entailment score=0.9843
      vs frame_idx=2268 best_sentence='There are at least six individuals visible in the frame, each engaged in their own journey down the street.' -> label=entailment score=0.9670
    ARGMAX: frame_idx=2298 label=entailment score=0.9843 sentence='Some of them are carrying backpacks or handbags as they walk along the sidewalk.'

    query='Is anyone walking?'
    normalized_kernel="it's worth noting that there is also a frame showing a parking lot, which suggests that the walking activity may have stopped or changed location around this time."
      vs frame_idx=2793 best_sentence='A group of people can be seen walking on the sidewalk near the building, which is located at the corner of two streets.' -> label=neutral score=0.0001
    ARGMAX: frame_idx=2793 label=neutral score=0.0001 sentence='A group of people can be seen walking on the sidewalk near the building, which is located at the corner of two streets.'

    query='Is a person visible in the scene?'
    normalized_kernel='For example: shows a group of people walking down a street .00, indicating high confidence in detecting people.'
      vs frame_idx=2148 best_sentence='The image shows a group of people walking on the sidewalk in front of a brick building with a large window and a small porch.' -> label=entailment score=0.8930
    ARGMAX: frame_idx=2148 label=entailment score=0.8930 sentence='The image shows a group of people walking on the sidewalk in front of a brick building with a large window and a small porch.'

    query='Is a person visible in the scene?'
    normalized_kernel='shows a person walking down a street in a parking lot .99, indicating high confidence in detecting people.'
      vs frame_idx=26988 best_sentence='In the background, there are several bicycles parked near the entrance to the building.' -> label=contradiction score=0.0028
    ARGMAX: frame_idx=26988 label=contradiction score=0.0028 sentence='In the background, there are several bicycles parked near the entrance to the building.'

    query='Is a person visible in the scene?'
    normalized_kernel='also shows a group of people walking down a street .00.'
      vs frame_idx=18708 best_sentence='The individuals are engaged in conversation and appear to be enjoying their time together as they stroll along the street.' -> label=entailment score=0.9553
    ARGMAX: frame_idx=18708 label=entailment score=0.9553 sentence='The individuals are engaged in conversation and appear to be enjoying their time together as they stroll along the street.'

    query='Is a person visible in the scene?'
    normalized_kernel='there are some frames where the presence of a person is not explicitly confirmed: shows a group of people walking down a sidewalk but does not provide clear evidence of individual people.'
      vs frame_idx=2118 best_sentence='A group of people can be seen walking on the sidewalk in front of the building, which is located near a parking lot filled with parked bicycles.' -> label=entailment score=0.9943
    ARGMAX: frame_idx=2118 label=entailment score=0.9943 sentence='A group of people can be seen walking on the sidewalk in front of the building, which is located near a parking lot filled with parked bicycles.'

    query='Is a person visible in the scene?'
    normalized_kernel='shows a person walking down a sidewalk in a parking lot, but the Action Score is only 0.99.'
      vs frame_idx=26913 best_sentence='A few people can be seen walking around the area, including two individuals closer to the left edge of the frame and another person further back near the right edge.' -> label=contradiction score=0.0001
    ARGMAX: frame_idx=26913 label=contradiction score=0.0001 sentence='A few people can be seen walking around the area, including two individuals closer to the left edge of the frame and another person further back near the right edge.'

    query='Is there an unattended bag?'
    normalized_kernel="there is a car parked in a parking lot, which might be worth investigating further to see if there's anything unusual about the vehicle or its surroundings."
      vs frame_idx=23748 best_sentence='A person can also be seen walking near one of the bicycles in the distance.' -> label=contradiction score=0.0003
    ARGMAX: frame_idx=23748 label=contradiction score=0.0003 sentence='A person can also be seen walking near one of the bicycles in the distance.'

====================================================================================================
VERDICT TABLE (split-premise)
====================================================================================================
  claim                                         | class              | live          | binding_split       
  ---------------------------------------------------------------------------------------------------------
  Based on the provided frame evidence, it a... | visual_assertion   | rejected      | no_citation(answer-semantics)
  Specifically, Frame 24993 shows a parking ... | metadata           | rejected      | verified_kernel     
  Additionally, Frame 25069 also depicts a c... | metadata           | unverifiable  | verified_kernel     
  These frames provide strong evidence for t... | visual_assertion   | rejected      | no_citation(answer-semantics)
  Based on the provided frame evidence, it a... | visual_assertion   | verified      | no_citation(answer-semantics)
  Specifically: Frame 25069 shows a car park... | metadata           | rejected      | verified_kernel     
  Frames 4384 and 3334 also show a parking l... | metadata           | unverifiable  | rejected            
  However, it's worth noting that Frame 2493... | visual_assertion   | rejected      | rejected            
  Based on the provided frame evidence, it a... | visual_assertion   | unverifiable  | no_citation(answer-semantics)
  The frames with high action scores (0.96 o... | metadata           | unverifiable  | rejected            
  These frames suggest that the car has been... | visual_assertion   | verified      | no_citation(answer-semantics)
  Additionally, frame 23760 shows a low pers... | metadata           | unverifiable  | rejected            
  There is no frame with high action scores ... | metadata           | rejected      | no_citation(answer-semantics)
  Based on the provided frame evidence, I co... | visual_assertion   | unverifiable  | no_citation(answer-semantics)
  The captions consistently show a "red bric... | visual_assertion   | rejected      | no_citation(answer-semantics)
  The action scores and persistence values s... | metadata           | unverifiable  | no_citation(answer-semantics)
  Yes, based on the provided frames, it appe... | visual_assertion   | rejected      | no_citation(answer-semantics)
  Specifically: Frame 10263 (342.4s): A grou... | metadata           | rejected      | verified_kernel     
  Frame 2268 (75.7s) and Frame 2298 (76.7s):... | metadata           | unverifiable  | verified_kernel     
  However, it's worth noting that there is a... | visual_assertion   | unverifiable  | unverifiable        
  Based on the provided frame evidence, it a... | visual_assertion   | verified      | no_citation(answer-semantics)
  For example: Frame 2148 (Timestamp: 71.7s)... | metadata           | rejected      | verified_kernel     
  Frame 26988 (Timestamp: 900.5s) shows a pe... | metadata           | rejected      | rejected            
  Frame 18708 (Timestamp: 624.2s) also shows... | metadata           | unverifiable  | verified_kernel     
  However, there are some frames where the p... | visual_assertion   | verified      | verified_kernel     
  Frame 26913 (Timestamp: 898.0s) shows a pe... | metadata           | rejected      | rejected            
  Overall, while there are some frames that ... | visual_assertion   | unverifiable  | no_citation(answer-semantics)
  Based on the provided frame evidence, I co... | visual_assertion   | rejected      | no_citation(answer-semantics)
  The frames show people walking down sidewa... | visual_assertion   | rejected      | no_citation(answer-semantics)
  However, Frame 23748 shows a car parked in... | visual_assertion   | unverifiable  | rejected            
  But without more context or additional fra... | visual_assertion   | unverifiable  | no_citation(answer-semantics)
  If you have any more frames or context, I'... | meta_commentary    | unverifiable  | no_citation(answer-semantics)
  Based on the provided frame evidence, ther... | visual_assertion   | verified      | no_citation(answer-semantics)
  The action scores for all frames show peop... | metadata           | rejected      | no_citation(answer-semantics)
  The timestamps and captions suggest that t... | visual_assertion   | rejected      | no_citation(answer-semantics)

  -- SUMMARY --
  entailments under split-premise bound-NLI replay: 8
  entailments under whole-premise bound-NLI replay (this pass): 6
  BLIP baseline (--kernel-normalize):                           4

====================================================================================================
(LEN) PREMISE-LENGTH vs JUDGMENT -- pass 1 (length-degradation hypothesis test)
====================================================================================================
  bucket   | n_pairs | n_entailed | entailment_rate
  -------------------------------------------------
  <=30     |       0 |          0 |             n/a
  31-60    |     114 |          0 |          0.0000
  >60      |     216 |          2 |          0.0093

  -- READ --
  entailment rate rises from 31-60 (0.0000) to >60 (0.0093) -- consistent with the length-degradation hypothesis.

####################################################################################################
# --split-premise: PASS 2  (C:\IRIS\diag_v4_moondream_captions_pass2.jsonl)
####################################################################################################

====================================================================================================
(C-split) FABRICATED PROBE, SPLIT PREMISES -- pass 2
====================================================================================================
  n pairs: 330
  whole-premise accepted (entailment): 3

    CLAIM: 'A dog runs across the parking lot.'
    frame_idx=23760
    FULL PREMISE (verbatim, as fed to the model): 'The image shows a gray car parked in front of a brick building with a triangular roof, possibly an apartment complex or a small office space. The car is positioned on the left side of the frame and appears to be facing away from the camera. In the background, there are several bicycles scattered around, indicating that this location might be a popular spot for cyclists.\n\nTwo people can be seen in the image - one person standing near the center-left part of the scene and another person closer to the right side. The presence of these individuals suggests that the area is frequented by pedestrians or residents who use various modes of transportation, such as cars and bicycles.'
    premise token count: 130
    whole-premise: label=entailment score=0.9868
    -- per-sentence table --
      sentence='The image shows a gray car parked in front of a brick building with a triangular roof, possibly an apartment complex or a small office space.' tokens=28 label=contradiction score=0.0000
      sentence='The car is positioned on the left side of the frame and appears to be facing away from the camera.' tokens=21 label=contradiction score=0.0000
      sentence='In the background, there are several bicycles scattered around, indicating that this location might be a popular spot for cyclists.' tokens=23 label=contradiction score=0.0000
      sentence='Two people can be seen in the image - one person standing near the center-left part of the scene and another person closer to the right side.' tokens=30 label=contradiction score=0.0000
      sentence='The presence of these individuals suggests that the area is frequented by pedestrians or residents who use various modes of transportation, such as cars and bicycles.' tokens=28 label=contradiction score=0.0000
    split-premise verdict: contradiction (best_score=0.0000, best_sentence='The presence of these individuals suggests that the area is frequented by pedestrians or residents who use various modes of transportation, such as cars and bicycles.')

    CLAIM: 'A fire truck is parked in the lot.'
    frame_idx=23760
    FULL PREMISE (verbatim, as fed to the model): 'The image shows a gray car parked in front of a brick building with a triangular roof, possibly an apartment complex or a small office space. The car is positioned on the left side of the frame and appears to be facing away from the camera. In the background, there are several bicycles scattered around, indicating that this location might be a popular spot for cyclists.\n\nTwo people can be seen in the image - one person standing near the center-left part of the scene and another person closer to the right side. The presence of these individuals suggests that the area is frequented by pedestrians or residents who use various modes of transportation, such as cars and bicycles.'
    premise token count: 130
    whole-premise: label=entailment score=0.9660
    -- per-sentence table --
      sentence='The image shows a gray car parked in front of a brick building with a triangular roof, possibly an apartment complex or a small office space.' tokens=28 label=contradiction score=0.0000
      sentence='The car is positioned on the left side of the frame and appears to be facing away from the camera.' tokens=21 label=contradiction score=0.0000
      sentence='In the background, there are several bicycles scattered around, indicating that this location might be a popular spot for cyclists.' tokens=23 label=contradiction score=0.0000
      sentence='Two people can be seen in the image - one person standing near the center-left part of the scene and another person closer to the right side.' tokens=30 label=contradiction score=0.0000
      sentence='The presence of these individuals suggests that the area is frequented by pedestrians or residents who use various modes of transportation, such as cars and bicycles.' tokens=28 label=neutral score=0.0003
    split-premise verdict: contradiction (best_score=0.0000, best_sentence='Two people can be seen in the image - one person standing near the center-left part of the scene and another person closer to the right side.')

    CLAIM: 'A person climbs onto the roof of a car.'
    frame_idx=873
    FULL PREMISE (verbatim, as fed to the model): 'The image shows a large brick building with a sloping roof, surrounded by trees and bushes. A group of people can be seen walking on the sidewalk in front of the building, which is located near a parking lot filled with parked bicycles. The scene conveys a sense of community and outdoor activity as individuals go about their day.'
    premise token count: 64
    whole-premise: label=entailment score=0.5444
    -- per-sentence table --
      sentence='The image shows a large brick building with a sloping roof, surrounded by trees and bushes.' tokens=18 label=contradiction score=0.0000
      sentence='A group of people can be seen walking on the sidewalk in front of the building, which is located near a parking lot filled with parked bicycles.' tokens=29 label=contradiction score=0.0000
      sentence='The scene conveys a sense of community and outdoor activity as individuals go about their day.' tokens=17 label=contradiction score=0.0000
    split-premise verdict: contradiction (best_score=0.0000, best_sentence='The scene conveys a sense of community and outdoor activity as individuals go about their day.')

  whole-premise accept count: 3/330
  split-premise accept count: 0/330

====================================================================================================
(B-split whole-premise baseline) -- pass 2
====================================================================================================
====================================================================================================
(B) BOUND-NLI REPLAY: normalized kernel vs Moondream caption (substituted premise)
====================================================================================================
    query='Is there a car in the parking lot?'
    normalized_kernel='there is a parking lot .00 .00, indicating high confidence in the presence of a car.'
      vs frame_idx=24993 moondream_caption='The image shows a parking lot with two cars parked in the center, one silver and one black. A person is walking towards the left side of the frame, while another individual can be seen on the right side. The scene takes place near a brick building, which appears to be an apartment complex or dormitory.' -> label=entailment score=0.9721
    ARGMAX: frame_idx=24993 label=entailment score=0.9721

    query='Is there a car in the parking lot?'
    normalized_kernel='there is a car parked in a parking lot .97 .96.'
      vs frame_idx=25069 moondream_caption='The image shows a parking lot with several cars parked in two rows, one on the left and another on the right side of the frame. In the background, there is a brick building with a sloping roof. A person can be seen walking towards the camera from the left side of the photo.' -> label=neutral score=0.0717
    ARGMAX: frame_idx=25069 label=neutral score=0.0717

    query='Are there vehicles parked?'
    normalized_kernel='there is a car parked in a parking lot .97 .96.'
      vs frame_idx=25069 moondream_caption='The image shows a parking lot with several cars parked in two rows, one on the left and another on the right side of the frame. In the background, there is a brick building with a sloping roof. A person can be seen walking towards the camera from the left side of the photo.' -> label=neutral score=0.0717
    ARGMAX: frame_idx=25069 label=neutral score=0.0717

    query='Are there vehicles parked?'
    normalized_kernel='and 3334 also show a parking lot .92 to 0.95, indicating that the presence of vehicles is likely.'
      vs frame_idx=4384 moondream_caption='The image shows a large brick building with a flat roof and multiple windows, situated in an empty parking lot surrounded by trees. The parking lot is mostly clear of vehicles, creating a sense of tranquility. In the foreground, there are two yellow poles standing out against the greenery.' -> label=contradiction score=0.0003
    ARGMAX: frame_idx=4384 label=contradiction score=0.0003

    query='Are there vehicles parked?'
    normalized_kernel="it's worth noting that there is only a parking lot without any visible vehicles, which might suggest that the vehicle in question has left or not been detected yet."
      vs frame_idx=24934 moondream_caption='The image shows a parking lot with several cars parked in it, including one silver car and two black cars. The parking lot is situated next to a brick building, which has a large window on the right side of the frame. A few people can be seen walking around the area, adding life to the scene.' -> label=contradiction score=0.0000
    ARGMAX: frame_idx=24934 label=contradiction score=0.0000

    query='Is anyone loading a vehicle?'
    normalized_kernel='The frames with high action scores (0.96 or higher) show a car parked in a parking lot at timestamps 793.4s, 795.4s, 24169s, and 24423s.'
      vs frame_idx=23839 moondream_caption='The image shows a man standing next to his parked car in an empty parking lot, which is located near a brick building with a sloping roof and several trees nearby. The sky above appears hazy, suggesting the photo was taken during daylight hours.' -> label=neutral score=0.0010
      vs frame_idx=23778 moondream_caption="The image shows a man standing next to his parked car in an empty parking lot, with the car's side facing the viewer. The parking lot is surrounded by brick buildings and trees, creating a serene atmosphere. In the background, there are several bicycles scattered around, suggesting that people might have used them for transportation or exercise." -> label=neutral score=0.0009
    ARGMAX: frame_idx=23839 label=neutral score=0.0010

    query='Is anyone loading a vehicle?'
    normalized_kernel='there is a low .00, indicating that the object (in this case, the car) was not detected in the previous frame, suggesting it may have moved or disappeared from view.'
      vs frame_idx=23760 moondream_caption='The image shows a gray car parked in front of a brick building with a triangular roof, possibly an apartment complex or a small office space. The car is positioned on the left side of the frame and appears to be facing away from the camera. In the background, there are several bicycles scattered around, indicating that this location might be a popular spot for cyclists.\n\nTwo people can be seen in the image - one person standing near the center-left part of the scene and another person closer to the right side. The presence of these individuals suggests that the area is frequented by pedestrians or residents who use various modes of transportation, such as cars and bicycles.' -> label=entailment score=0.9810
    ARGMAX: frame_idx=23760 label=entailment score=0.9810

    query='Is anyone walking?'
    normalized_kernel='(342.4s): A group of people walking down a street .97.'
      vs frame_idx=10263 moondream_caption="The image shows a group of people walking on the sidewalk in front of a brick building with a large window and a small tree nearby. The scene is captured from an aerial perspective, providing a bird's eye view of the area." -> label=entailment score=0.9738
    ARGMAX: frame_idx=10263 label=entailment score=0.9738

    query='Is anyone walking?'
    normalized_kernel='(75.7s) and (76.7s): Also show a group of people walking down a street, both .00.'
      vs frame_idx=2298 moondream_caption="The image shows a group of people walking on the sidewalk in front of a brick building with a large window and a small porch. The scene is captured from an aerial perspective, providing a bird's eye view of the activity below. There are at least six individuals visible in the frame, each engaged in their own journey down the street." -> label=neutral score=0.0117
      vs frame_idx=2268 moondream_caption="The image shows a group of people walking on a sidewalk in front of a brick building with a large window and a small porch. The scene is captured from an aerial perspective, providing a bird's eye view of the activity below. There are at least six individuals visible in the frame, each engaged in their own journey along the sidewalk." -> label=neutral score=0.0060
    ARGMAX: frame_idx=2298 label=neutral score=0.0117

    query='Is anyone walking?'
    normalized_kernel="it's worth noting that there is also a frame showing a parking lot, which suggests that the walking activity may have stopped or changed location around this time."
      vs frame_idx=2793 moondream_caption='The image shows a large brick building with a flat roof and multiple windows, situated in an open area surrounded by trees. A group of people can be seen walking on the sidewalk near the building, which is located at the corner of two streets. The scene appears to be captured from an aerial perspective, providing a comprehensive view of the surrounding environment.' -> label=neutral score=0.0001
    ARGMAX: frame_idx=2793 label=neutral score=0.0001

    query='Is a person visible in the scene?'
    normalized_kernel='For example: shows a group of people walking down a street .00, indicating high confidence in detecting people.'
      vs frame_idx=2148 moondream_caption="The image shows a group of people walking on the sidewalk in front of a brick building with a large window and a small porch. The scene is captured from an aerial perspective, providing a bird's eye view of the area. In total, there are eight people visible in the frame, some closer to the camera while others are further away." -> label=neutral score=0.0006
    ARGMAX: frame_idx=2148 label=neutral score=0.0006

    query='Is a person visible in the scene?'
    normalized_kernel='shows a person walking down a street in a parking lot .99, indicating high confidence in detecting people.'
      vs frame_idx=26988 moondream_caption="The image shows a man walking on the sidewalk in front of a brick building, carrying a backpack and wearing a black jacket. The scene is captured from an aerial perspective, providing a bird's eye view of the area. In the background, there are several bicycles parked near the entrance to the building." -> label=neutral score=0.1369
    ARGMAX: frame_idx=26988 label=neutral score=0.1369

    query='Is a person visible in the scene?'
    normalized_kernel='also shows a group of people walking down a street .00.'
      vs frame_idx=18708 moondream_caption="The image shows a group of people walking on the sidewalk in front of a brick building with a large window and a small porch. The scene is captured from an aerial perspective, providing a bird's eye view of the activity below. The people are moving towards the right side of the frame, creating a sense of motion and direction within the image." -> label=neutral score=0.0073
    ARGMAX: frame_idx=18708 label=neutral score=0.0073

    query='Is a person visible in the scene?'
    normalized_kernel='there are some frames where the presence of a person is not explicitly confirmed: shows a group of people walking down a sidewalk but does not provide clear evidence of individual people.'
      vs frame_idx=2118 moondream_caption='The image shows a brick building with a sloping roof, surrounded by trees and bushes. A group of people can be seen walking on the sidewalk in front of the building, which is located near a parking lot filled with parked bicycles. The scene appears to be captured from an aerial perspective, providing a comprehensive view of the area.' -> label=entailment score=0.7309
    ARGMAX: frame_idx=2118 label=entailment score=0.7309

    query='Is a person visible in the scene?'
    normalized_kernel='shows a person walking down a sidewalk in a parking lot, but the Action Score is only 0.99.'
      vs frame_idx=26913 moondream_caption="The image shows a brick building with a large glass window and a smaller one on the side, situated in an empty parking lot surrounded by trees. A few people can be seen walking around the area, including two individuals closer to the left edge of the frame and another person further back near the right edge. The scene conveys a sense of tranquility and solitude as the building stands alone amidst nature's elements." -> label=contradiction score=0.0226
    ARGMAX: frame_idx=26913 label=contradiction score=0.0226

    query='Is there an unattended bag?'
    normalized_kernel="there is a car parked in a parking lot, which might be worth investigating further to see if there's anything unusual about the vehicle or its surroundings."
      vs frame_idx=23748 moondream_caption='The image shows a gray car parked in front of a red brick building with a triangular roof, which appears to be a parking lot or an entrance to the building. The car is positioned on the left side of the frame and has its trunk open. Two people are walking towards the car, one closer to the center of the frame and another slightly further away from the car. In the background, there are several bicycles parked near the red brick building.' -> label=neutral score=0.0029
    ARGMAX: frame_idx=23748 label=neutral score=0.0029

====================================================================================================
VERDICT TABLE (Moondream-substituted)
====================================================================================================
  claim                                         | class              | live          | binding_moondream   
  ---------------------------------------------------------------------------------------------------------
  Based on the provided frame evidence, it a... | visual_assertion   | rejected      | no_citation(answer-semantics)
  Specifically, Frame 24993 shows a parking ... | metadata           | rejected      | verified_kernel     
  Additionally, Frame 25069 also depicts a c... | metadata           | unverifiable  | unverifiable        
  These frames provide strong evidence for t... | visual_assertion   | rejected      | no_citation(answer-semantics)
  Based on the provided frame evidence, it a... | visual_assertion   | verified      | no_citation(answer-semantics)
  Specifically: Frame 25069 shows a car park... | metadata           | rejected      | unverifiable        
  Frames 4384 and 3334 also show a parking l... | metadata           | unverifiable  | rejected            
  However, it's worth noting that Frame 2493... | visual_assertion   | rejected      | rejected            
  Based on the provided frame evidence, it a... | visual_assertion   | unverifiable  | no_citation(answer-semantics)
  The frames with high action scores (0.96 o... | metadata           | unverifiable  | unverifiable        
  These frames suggest that the car has been... | visual_assertion   | verified      | no_citation(answer-semantics)
  Additionally, frame 23760 shows a low pers... | metadata           | unverifiable  | verified_kernel     
  There is no frame with high action scores ... | metadata           | rejected      | no_citation(answer-semantics)
  Based on the provided frame evidence, I co... | visual_assertion   | unverifiable  | no_citation(answer-semantics)
  The captions consistently show a "red bric... | visual_assertion   | rejected      | no_citation(answer-semantics)
  The action scores and persistence values s... | metadata           | unverifiable  | no_citation(answer-semantics)
  Yes, based on the provided frames, it appe... | visual_assertion   | rejected      | no_citation(answer-semantics)
  Specifically: Frame 10263 (342.4s): A grou... | metadata           | rejected      | verified_kernel     
  Frame 2268 (75.7s) and Frame 2298 (76.7s):... | metadata           | unverifiable  | unverifiable        
  However, it's worth noting that there is a... | visual_assertion   | unverifiable  | unverifiable        
  Based on the provided frame evidence, it a... | visual_assertion   | verified      | no_citation(answer-semantics)
  For example: Frame 2148 (Timestamp: 71.7s)... | metadata           | rejected      | unverifiable        
  Frame 26988 (Timestamp: 900.5s) shows a pe... | metadata           | rejected      | unverifiable        
  Frame 18708 (Timestamp: 624.2s) also shows... | metadata           | unverifiable  | unverifiable        
  However, there are some frames where the p... | visual_assertion   | verified      | verified_kernel     
  Frame 26913 (Timestamp: 898.0s) shows a pe... | metadata           | rejected      | rejected            
  Overall, while there are some frames that ... | visual_assertion   | unverifiable  | no_citation(answer-semantics)
  Based on the provided frame evidence, I co... | visual_assertion   | rejected      | no_citation(answer-semantics)
  The frames show people walking down sidewa... | visual_assertion   | rejected      | no_citation(answer-semantics)
  However, Frame 23748 shows a car parked in... | visual_assertion   | unverifiable  | unverifiable        
  But without more context or additional fra... | visual_assertion   | unverifiable  | no_citation(answer-semantics)
  If you have any more frames or context, I'... | meta_commentary    | unverifiable  | no_citation(answer-semantics)
  Based on the provided frame evidence, ther... | visual_assertion   | verified      | no_citation(answer-semantics)
  The action scores for all frames show peop... | metadata           | rejected      | no_citation(answer-semantics)
  The timestamps and captions suggest that t... | visual_assertion   | rejected      | no_citation(answer-semantics)

  -- SUMMARY --
  entailments under Moondream-substituted bound-NLI replay: 4
  BLIP baseline (--kernel-normalize):                       4
  READ: Moondream ties the BLIP baseline -- no improvement from the caption swap alone.

====================================================================================================
(B-split) BOUND-NLI REPLAY, SPLIT PREMISES -- pass 2
====================================================================================================
    query='Is there a car in the parking lot?'
    normalized_kernel='there is a parking lot .00 .00, indicating high confidence in the presence of a car.'
      vs frame_idx=24993 best_sentence='The image shows a parking lot with two cars parked in the center, one silver and one black.' -> label=entailment score=0.9833
    ARGMAX: frame_idx=24993 label=entailment score=0.9833 sentence='The image shows a parking lot with two cars parked in the center, one silver and one black.'

    query='Is there a car in the parking lot?'
    normalized_kernel='there is a car parked in a parking lot .97 .96.'
      vs frame_idx=25069 best_sentence='The image shows a parking lot with several cars parked in two rows, one on the left and another on the right side of the frame.' -> label=entailment score=0.9887
    ARGMAX: frame_idx=25069 label=entailment score=0.9887 sentence='The image shows a parking lot with several cars parked in two rows, one on the left and another on the right side of the frame.'

    query='Are there vehicles parked?'
    normalized_kernel='there is a car parked in a parking lot .97 .96.'
      vs frame_idx=25069 best_sentence='The image shows a parking lot with several cars parked in two rows, one on the left and another on the right side of the frame.' -> label=entailment score=0.9887
    ARGMAX: frame_idx=25069 label=entailment score=0.9887 sentence='The image shows a parking lot with several cars parked in two rows, one on the left and another on the right side of the frame.'

    query='Are there vehicles parked?'
    normalized_kernel='and 3334 also show a parking lot .92 to 0.95, indicating that the presence of vehicles is likely.'
      vs frame_idx=4384 best_sentence='The parking lot is mostly clear of vehicles, creating a sense of tranquility.' -> label=contradiction score=0.0002
    ARGMAX: frame_idx=4384 label=contradiction score=0.0002 sentence='The parking lot is mostly clear of vehicles, creating a sense of tranquility.'

    query='Are there vehicles parked?'
    normalized_kernel="it's worth noting that there is only a parking lot without any visible vehicles, which might suggest that the vehicle in question has left or not been detected yet."
      vs frame_idx=24934 best_sentence='The image shows a parking lot with several cars parked in it, including one silver car and two black cars.' -> label=contradiction score=0.0000
    ARGMAX: frame_idx=24934 label=contradiction score=0.0000 sentence='The image shows a parking lot with several cars parked in it, including one silver car and two black cars.'

    query='Is anyone loading a vehicle?'
    normalized_kernel='The frames with high action scores (0.96 or higher) show a car parked in a parking lot at timestamps 793.4s, 795.4s, 24169s, and 24423s.'
      vs frame_idx=23839 best_sentence='The sky above appears hazy, suggesting the photo was taken during daylight hours.' -> label=neutral score=0.0315
      vs frame_idx=23778 best_sentence='In the background, there are several bicycles scattered around, suggesting that people might have used them for transportation or exercise.' -> label=contradiction score=0.0001
    ARGMAX: frame_idx=23839 label=neutral score=0.0315 sentence='The sky above appears hazy, suggesting the photo was taken during daylight hours.'

    query='Is anyone loading a vehicle?'
    normalized_kernel='there is a low .00, indicating that the object (in this case, the car) was not detected in the previous frame, suggesting it may have moved or disappeared from view.'
      vs frame_idx=23760 best_sentence='The image shows a gray car parked in front of a brick building with a triangular roof, possibly an apartment complex or a small office space.' -> label=contradiction score=0.0027
    ARGMAX: frame_idx=23760 label=contradiction score=0.0027 sentence='The image shows a gray car parked in front of a brick building with a triangular roof, possibly an apartment complex or a small office space.'

    query='Is anyone walking?'
    normalized_kernel='(342.4s): A group of people walking down a street .97.'
      vs frame_idx=10263 best_sentence='The image shows a group of people walking on the sidewalk in front of a brick building with a large window and a small tree nearby.' -> label=entailment score=0.9679
    ARGMAX: frame_idx=10263 label=entailment score=0.9679 sentence='The image shows a group of people walking on the sidewalk in front of a brick building with a large window and a small tree nearby.'

    query='Is anyone walking?'
    normalized_kernel='(75.7s) and (76.7s): Also show a group of people walking down a street, both .00.'
      vs frame_idx=2298 best_sentence='There are at least six individuals visible in the frame, each engaged in their own journey down the street.' -> label=entailment score=0.9670
      vs frame_idx=2268 best_sentence='There are at least six individuals visible in the frame, each engaged in their own journey along the sidewalk.' -> label=entailment score=0.9534
    ARGMAX: frame_idx=2298 label=entailment score=0.9670 sentence='There are at least six individuals visible in the frame, each engaged in their own journey down the street.'

    query='Is anyone walking?'
    normalized_kernel="it's worth noting that there is also a frame showing a parking lot, which suggests that the walking activity may have stopped or changed location around this time."
      vs frame_idx=2793 best_sentence='A group of people can be seen walking on the sidewalk near the building, which is located at the corner of two streets.' -> label=neutral score=0.0001
    ARGMAX: frame_idx=2793 label=neutral score=0.0001 sentence='A group of people can be seen walking on the sidewalk near the building, which is located at the corner of two streets.'

    query='Is a person visible in the scene?'
    normalized_kernel='For example: shows a group of people walking down a street .00, indicating high confidence in detecting people.'
      vs frame_idx=2148 best_sentence='The image shows a group of people walking on the sidewalk in front of a brick building with a large window and a small porch.' -> label=entailment score=0.8930
    ARGMAX: frame_idx=2148 label=entailment score=0.8930 sentence='The image shows a group of people walking on the sidewalk in front of a brick building with a large window and a small porch.'

    query='Is a person visible in the scene?'
    normalized_kernel='shows a person walking down a street in a parking lot .99, indicating high confidence in detecting people.'
      vs frame_idx=26988 best_sentence='In the background, there are several bicycles parked near the entrance to the building.' -> label=contradiction score=0.0028
    ARGMAX: frame_idx=26988 label=contradiction score=0.0028 sentence='In the background, there are several bicycles parked near the entrance to the building.'

    query='Is a person visible in the scene?'
    normalized_kernel='also shows a group of people walking down a street .00.'
      vs frame_idx=18708 best_sentence='The image shows a group of people walking on the sidewalk in front of a brick building with a large window and a small porch.' -> label=neutral score=0.0196
    ARGMAX: frame_idx=18708 label=neutral score=0.0196 sentence='The image shows a group of people walking on the sidewalk in front of a brick building with a large window and a small porch.'

    query='Is a person visible in the scene?'
    normalized_kernel='there are some frames where the presence of a person is not explicitly confirmed: shows a group of people walking down a sidewalk but does not provide clear evidence of individual people.'
      vs frame_idx=2118 best_sentence='A group of people can be seen walking on the sidewalk in front of the building, which is located near a parking lot filled with parked bicycles.' -> label=entailment score=0.9943
    ARGMAX: frame_idx=2118 label=entailment score=0.9943 sentence='A group of people can be seen walking on the sidewalk in front of the building, which is located near a parking lot filled with parked bicycles.'

    query='Is a person visible in the scene?'
    normalized_kernel='shows a person walking down a sidewalk in a parking lot, but the Action Score is only 0.99.'
      vs frame_idx=26913 best_sentence='A few people can be seen walking around the area, including two individuals closer to the left edge of the frame and another person further back near the right edge.' -> label=contradiction score=0.0001
    ARGMAX: frame_idx=26913 label=contradiction score=0.0001 sentence='A few people can be seen walking around the area, including two individuals closer to the left edge of the frame and another person further back near the right edge.'

    query='Is there an unattended bag?'
    normalized_kernel="there is a car parked in a parking lot, which might be worth investigating further to see if there's anything unusual about the vehicle or its surroundings."
      vs frame_idx=23748 best_sentence='In the background, there are several bicycles parked near the red brick building.' -> label=contradiction score=0.0001
    ARGMAX: frame_idx=23748 label=contradiction score=0.0001 sentence='In the background, there are several bicycles parked near the red brick building.'

====================================================================================================
VERDICT TABLE (split-premise)
====================================================================================================
  claim                                         | class              | live          | binding_split       
  ---------------------------------------------------------------------------------------------------------
  Based on the provided frame evidence, it a... | visual_assertion   | rejected      | no_citation(answer-semantics)
  Specifically, Frame 24993 shows a parking ... | metadata           | rejected      | verified_kernel     
  Additionally, Frame 25069 also depicts a c... | metadata           | unverifiable  | verified_kernel     
  These frames provide strong evidence for t... | visual_assertion   | rejected      | no_citation(answer-semantics)
  Based on the provided frame evidence, it a... | visual_assertion   | verified      | no_citation(answer-semantics)
  Specifically: Frame 25069 shows a car park... | metadata           | rejected      | verified_kernel     
  Frames 4384 and 3334 also show a parking l... | metadata           | unverifiable  | rejected            
  However, it's worth noting that Frame 2493... | visual_assertion   | rejected      | rejected            
  Based on the provided frame evidence, it a... | visual_assertion   | unverifiable  | no_citation(answer-semantics)
  The frames with high action scores (0.96 o... | metadata           | unverifiable  | unverifiable        
  These frames suggest that the car has been... | visual_assertion   | verified      | no_citation(answer-semantics)
  Additionally, frame 23760 shows a low pers... | metadata           | unverifiable  | rejected            
  There is no frame with high action scores ... | metadata           | rejected      | no_citation(answer-semantics)
  Based on the provided frame evidence, I co... | visual_assertion   | unverifiable  | no_citation(answer-semantics)
  The captions consistently show a "red bric... | visual_assertion   | rejected      | no_citation(answer-semantics)
  The action scores and persistence values s... | metadata           | unverifiable  | no_citation(answer-semantics)
  Yes, based on the provided frames, it appe... | visual_assertion   | rejected      | no_citation(answer-semantics)
  Specifically: Frame 10263 (342.4s): A grou... | metadata           | rejected      | verified_kernel     
  Frame 2268 (75.7s) and Frame 2298 (76.7s):... | metadata           | unverifiable  | verified_kernel     
  However, it's worth noting that there is a... | visual_assertion   | unverifiable  | unverifiable        
  Based on the provided frame evidence, it a... | visual_assertion   | verified      | no_citation(answer-semantics)
  For example: Frame 2148 (Timestamp: 71.7s)... | metadata           | rejected      | verified_kernel     
  Frame 26988 (Timestamp: 900.5s) shows a pe... | metadata           | rejected      | rejected            
  Frame 18708 (Timestamp: 624.2s) also shows... | metadata           | unverifiable  | unverifiable        
  However, there are some frames where the p... | visual_assertion   | verified      | verified_kernel     
  Frame 26913 (Timestamp: 898.0s) shows a pe... | metadata           | rejected      | rejected            
  Overall, while there are some frames that ... | visual_assertion   | unverifiable  | no_citation(answer-semantics)
  Based on the provided frame evidence, I co... | visual_assertion   | rejected      | no_citation(answer-semantics)
  The frames show people walking down sidewa... | visual_assertion   | rejected      | no_citation(answer-semantics)
  However, Frame 23748 shows a car parked in... | visual_assertion   | unverifiable  | rejected            
  But without more context or additional fra... | visual_assertion   | unverifiable  | no_citation(answer-semantics)
  If you have any more frames or context, I'... | meta_commentary    | unverifiable  | no_citation(answer-semantics)
  Based on the provided frame evidence, ther... | visual_assertion   | verified      | no_citation(answer-semantics)
  The action scores for all frames show peop... | metadata           | rejected      | no_citation(answer-semantics)
  The timestamps and captions suggest that t... | visual_assertion   | rejected      | no_citation(answer-semantics)

  -- SUMMARY --
  entailments under split-premise bound-NLI replay: 7
  entailments under whole-premise bound-NLI replay (this pass): 4
  BLIP baseline (--kernel-normalize):                           4

====================================================================================================
(LEN) PREMISE-LENGTH vs JUDGMENT -- pass 2 (length-degradation hypothesis test)
====================================================================================================
  bucket   | n_pairs | n_entailed | entailment_rate
  -------------------------------------------------
  <=30     |       0 |          0 |             n/a
  31-60    |      96 |          0 |          0.0000
  >60      |     234 |          3 |          0.0128

  -- READ --
  entailment rate rises from 31-60 (0.0000) to >60 (0.0128) -- consistent with the length-degradation hypothesis.

