start
REPO_ROOT=C:\IRIS
imports ok
video=C:\IRIS\mov_bbb.mp4  exists=True  size=788493
calling ingest...
ingest done: frames=28
EXCEPTION:
Traceback (most recent call last):
  File "C:\IRIS\scripts\_precache_diag4_robust.py", line 30, in <module>
    save_index(idx, cache)
    ~~~~~~~~~~^^^^^^^^^^^^
  File "C:\IRIS\iris\ingest.py", line 303, in save_index
    arrays: dict[str, np.ndarray] = {"__manifest__": np.array(json.dumps(manifest))}
                                                              ~~~~~~~~~~^^^^^^^^^^
  File "C:\Users\sidda\AppData\Local\Programs\Python\Python313\Lib\json\__init__.py", line 231, in dumps
    return _default_encoder.encode(obj)
           ~~~~~~~~~~~~~~~~~~~~~~~^^^^^
  File "C:\Users\sidda\AppData\Local\Programs\Python\Python313\Lib\json\encoder.py", line 200, in encode
    chunks = self.iterencode(o, _one_shot=True)
  File "C:\Users\sidda\AppData\Local\Programs\Python\Python313\Lib\json\encoder.py", line 261, in iterencode
    return _iterencode(o, 0)
TypeError: keys must be str, int, float, bool or None, not tuple

