`torch_dtype` is deprecated! Use `dtype` instead!
Using a slow image processor as `use_fast` is unset and a slow processor was saved with this model. `use_fast=True` will be the default behavior in v4.52, even if the model was saved with a slow processor. This will result in minor differences in outputs. You'll still be able to use a slow processor with `use_fast=False`.
[scene_retrieval] shortlisted 5/18 scenes, margin=0.0065 tau=0.015 branch=descend base_pool=23 post_pull_pool=23 cross_scene_edges_added=10
[INFO] Loading BLIP model on cpu (first run will download ~990MB)...
[INFO] BLIP model loaded successfully.
[DEBUG] CerberusV verification: model_load_time = 5.2451s | inference_time = 9.6117s
[use_l1=False] 6936757706/11: abstained=True l1_consulted=False l1_hit=False retrieved=[162, 180, 210, 231, 135] [97.9s]
[scene_retrieval] shortlisted 5/18 scenes, margin=0.0018 tau=0.015 branch=descend base_pool=25 post_pull_pool=25 cross_scene_edges_added=10
[DEBUG] CerberusV verification: model_load_time = 0.0000s | inference_time = 6.5132s
[use_l1=False] 6936757706/0: abstained=True l1_consulted=False l1_hit=False retrieved=[289, 283, 359, 336, 371] [47.9s]
[scene_retrieval] shortlisted 5/18 scenes, margin=0.0026 tau=0.015 branch=descend base_pool=25 post_pull_pool=25 cross_scene_edges_added=10
[DEBUG] CerberusV verification: model_load_time = 0.0000s | inference_time = 10.0266s
[use_l1=False] 6936757706/14: abstained=True l1_consulted=False l1_hit=False retrieved=[289, 359, 78, 371, 283] [51.4s]
[scene_retrieval] shortlisted 5/18 scenes, margin=0.0030 tau=0.015 branch=descend base_pool=21 post_pull_pool=21 cross_scene_edges_added=10
[DEBUG] CerberusV verification: model_load_time = 0.0000s | inference_time = 11.2158s
[use_l1=False] 6936757706/7: abstained=False l1_consulted=False l1_hit=False retrieved=[237, 210, 150, 171, 162] [55.9s]
[scene_retrieval] shortlisted 5/24 scenes, margin=0.0033 tau=0.015 branch=descend base_pool=18 post_pull_pool=18 cross_scene_edges_added=10
[DEBUG] CerberusV verification: model_load_time = 0.0000s | inference_time = 6.9537s
[use_l1=False] 3079724515/6: abstained=True l1_consulted=False l1_hit=False retrieved=[454, 496, 14, 22, 50] [47.6s]
[scene_retrieval] shortlisted 5/24 scenes, margin=0.0029 tau=0.015 branch=descend base_pool=30 post_pull_pool=35 cross_scene_edges_added=21
[DEBUG] CerberusV verification: model_load_time = 0.0000s | inference_time = 12.9735s
[use_l1=False] 3079724515/8: abstained=True l1_consulted=False l1_hit=False retrieved=[50, 186, 74, 454, 22] [58.8s]
[scene_retrieval] shortlisted 5/24 scenes, margin=0.0014 tau=0.015 branch=descend base_pool=24 post_pull_pool=24 cross_scene_edges_added=10
[DEBUG] CerberusV verification: model_load_time = 0.0000s | inference_time = 7.1301s
[use_l1=False] 3079724515/0: abstained=True l1_consulted=False l1_hit=False retrieved=[454, 186, 834, 856, 50] [50.4s]
[scene_retrieval] shortlisted 5/24 scenes, margin=0.0049 tau=0.015 branch=descend base_pool=28 post_pull_pool=32 cross_scene_edges_added=15
[DEBUG] CerberusV verification: model_load_time = 0.0000s | inference_time = 4.8047s
[use_l1=False] 3079724515/9: abstained=True l1_consulted=False l1_hit=False retrieved=[454, 188, 444, 70, 218] [43.2s]
[scene_retrieval] shortlisted 3/3 scenes, base_pool=33 margin=0.0227 tau=0.015 branch=shortcut
[DEBUG] CerberusV verification: model_load_time = 0.0000s | inference_time = 8.7911s
[use_l1=False] 8900428927/0: abstained=True l1_consulted=False l1_hit=False retrieved=[278, 272, 280, 274, 282] [52.5s]
[scene_retrieval] shortlisted 3/3 scenes, base_pool=33 margin=0.0154 tau=0.015 branch=shortcut
[DEBUG] CerberusV verification: model_load_time = 0.0000s | inference_time = 3.5143s
[use_l1=False] 8900428927/13: abstained=True l1_consulted=False l1_hit=False retrieved=[272, 278, 282, 274, 280] [39.6s]
[scene_retrieval] shortlisted 3/3 scenes, base_pool=33 margin=0.0267 tau=0.015 branch=shortcut
[DEBUG] CerberusV verification: model_load_time = 0.0000s | inference_time = 3.5733s
[use_l1=False] 8900428927/8: abstained=True l1_consulted=False l1_hit=False retrieved=[272, 282, 278, 280, 274] [40.1s]
[scene_retrieval] shortlisted 3/3 scenes, margin=0.0068 tau=0.015 branch=descend base_pool=33 post_pull_pool=33 cross_scene_edges_added=3
[DEBUG] CerberusV verification: model_load_time = 0.0000s | inference_time = 5.5981s
[use_l1=False] 8900428927/2: abstained=True l1_consulted=False l1_hit=False retrieved=[140, 138, 83, 98, 110] [44.2s]
[DEBUG] CerberusV verification: model_load_time = 0.0000s | inference_time = 6.4605s
[use_l1=True] 6936757706/11: abstained=True l1_consulted=True l1_hit=True retrieved=[518, 551, 569, 502, 508] [49.2s]
[DEBUG] CerberusV verification: model_load_time = 0.0000s | inference_time = 6.9590s
[use_l1=True] 6936757706/0: abstained=True l1_consulted=True l1_hit=True retrieved=[518, 551, 569, 502, 508] [49.0s]
[DEBUG] CerberusV verification: model_load_time = 0.0000s | inference_time = 11.3345s
[use_l1=True] 6936757706/14: abstained=True l1_consulted=True l1_hit=True retrieved=[518, 551, 569, 502, 508] [55.7s]
[DEBUG] CerberusV verification: model_load_time = 0.0000s | inference_time = 7.5758s
[use_l1=True] 6936757706/7: abstained=False l1_consulted=True l1_hit=True retrieved=[518, 551, 569, 502, 362] [56.0s]
[DEBUG] CerberusV verification: model_load_time = 0.0000s | inference_time = 7.8085s
[use_l1=True] 3079724515/6: abstained=True l1_consulted=True l1_hit=True retrieved=[840, 810, 510, 600, 857] [61.1s]
[DEBUG] CerberusV verification: model_load_time = 0.0000s | inference_time = 6.9640s
[use_l1=True] 3079724515/8: abstained=True l1_consulted=True l1_hit=True retrieved=[857, 840, 810, 510, 600] [46.6s]
[DEBUG] CerberusV verification: model_load_time = 0.0000s | inference_time = 7.8175s
[use_l1=True] 3079724515/0: abstained=True l1_consulted=True l1_hit=True retrieved=[857, 840, 810, 600, 510] [49.6s]
[DEBUG] CerberusV verification: model_load_time = 0.0000s | inference_time = 7.7346s
[use_l1=True] 3079724515/9: abstained=True l1_consulted=True l1_hit=True retrieved=[857, 840, 810, 600, 750] [50.7s]
[DEBUG] CerberusV verification: model_load_time = 0.0000s | inference_time = 13.4721s
[use_l1=True] 8900428927/0: abstained=True l1_consulted=True l1_hit=True retrieved=[138, 175, 110, 146, 124] [62.6s]
[DEBUG] CerberusV verification: model_load_time = 0.0000s | inference_time = 7.6371s
[use_l1=True] 8900428927/13: abstained=True l1_consulted=True l1_hit=True retrieved=[138, 175, 110, 146, 124] [47.3s]
[DEBUG] CerberusV verification: model_load_time = 0.0000s | inference_time = 7.7761s
[use_l1=True] 8900428927/8: abstained=True l1_consulted=True l1_hit=True retrieved=[138, 175, 110, 146, 124] [47.2s]
[DEBUG] CerberusV verification: model_load_time = 0.0000s | inference_time = 4.0850s
[use_l1=True] 8900428927/2: abstained=True l1_consulted=True l1_hit=True retrieved=[138, 175, 110, 146, 124] [40.8s]

=== SUMMARY ===
use_l1=False: {'n': 12, 'n_errors': 0, 'n_abstained': 11, 'abstention_rate': 0.917, 'mean_total_latency_s': 52.48}
use_l1=True:  {'n': 12, 'n_errors': 0, 'n_abstained': 11, 'abstention_rate': 0.917, 'mean_total_latency_s': 51.32}
questions with different retrieved frames: 12 / 12
