`torch_dtype` is deprecated! Use `dtype` instead!
Using a slow image processor as `use_fast` is unset and a slow processor was saved with this model. `use_fast=True` will be the default behavior in v4.52, even if the model was saved with a slow processor. This will result in minor differences in outputs. You'll still be able to use a slow processor with `use_fast=False`.
[scene_retrieval] shortlisted 5/18 scenes, margin=0.0065 tau=0.015 branch=descend base_pool=23 post_pull_pool=23 cross_scene_edges_added=10
[INFO] Loading BLIP model on cpu (first run will download ~990MB)...
[INFO] BLIP model loaded successfully.
[DEBUG] CerberusV verification: model_load_time = 5.2103s | inference_time = 2.8934s
[scene_retrieval] shortlisted 5/18 scenes, margin=0.0065 tau=0.015 branch=descend base_pool=23 post_pull_pool=23 cross_scene_edges_added=10
[DEBUG] CerberusV verification: model_load_time = 0.0000s | inference_time = 2.5194s
6936757706/11: deterministic=True (retrieval=True, raw_answer=True) [94.9s]
[scene_retrieval] shortlisted 5/18 scenes, margin=0.0018 tau=0.015 branch=descend base_pool=25 post_pull_pool=25 cross_scene_edges_added=10
[DEBUG] CerberusV verification: model_load_time = 0.0000s | inference_time = 6.6951s
[scene_retrieval] shortlisted 5/18 scenes, margin=0.0018 tau=0.015 branch=descend base_pool=25 post_pull_pool=25 cross_scene_edges_added=10
[DEBUG] CerberusV verification: model_load_time = 0.0000s | inference_time = 4.7505s
6936757706/0: deterministic=True (retrieval=True, raw_answer=False) [61.2s]
[scene_retrieval] shortlisted 5/18 scenes, margin=0.0026 tau=0.015 branch=descend base_pool=25 post_pull_pool=25 cross_scene_edges_added=10
[DEBUG] CerberusV verification: model_load_time = 0.0000s | inference_time = 7.1887s
[scene_retrieval] shortlisted 5/18 scenes, margin=0.0026 tau=0.015 branch=descend base_pool=25 post_pull_pool=25 cross_scene_edges_added=10
[DEBUG] CerberusV verification: model_load_time = 0.0000s | inference_time = 6.2974s
6936757706/14: deterministic=True (retrieval=True, raw_answer=False) [67.2s]
[scene_retrieval] shortlisted 5/18 scenes, margin=0.0030 tau=0.015 branch=descend base_pool=21 post_pull_pool=21 cross_scene_edges_added=10
[DEBUG] CerberusV verification: model_load_time = 0.0000s | inference_time = 3.8840s
[scene_retrieval] shortlisted 5/18 scenes, margin=0.0030 tau=0.015 branch=descend base_pool=21 post_pull_pool=21 cross_scene_edges_added=10
[DEBUG] CerberusV verification: model_load_time = 0.0000s | inference_time = 7.2873s
6936757706/7: deterministic=False (retrieval=True, raw_answer=False) [66.0s]
[scene_retrieval] shortlisted 5/24 scenes, margin=0.0033 tau=0.015 branch=descend base_pool=18 post_pull_pool=18 cross_scene_edges_added=10
[DEBUG] CerberusV verification: model_load_time = 0.0000s | inference_time = 5.1455s
[scene_retrieval] shortlisted 5/24 scenes, margin=0.0033 tau=0.015 branch=descend base_pool=18 post_pull_pool=18 cross_scene_edges_added=10
[DEBUG] CerberusV verification: model_load_time = 0.0000s | inference_time = 5.7142s
3079724515/6: deterministic=True (retrieval=True, raw_answer=False) [61.7s]
[scene_retrieval] shortlisted 5/24 scenes, margin=0.0029 tau=0.015 branch=descend base_pool=30 post_pull_pool=35 cross_scene_edges_added=21
[DEBUG] CerberusV verification: model_load_time = 0.0000s | inference_time = 6.8952s
[scene_retrieval] shortlisted 5/24 scenes, margin=0.0029 tau=0.015 branch=descend base_pool=30 post_pull_pool=35 cross_scene_edges_added=21
[DEBUG] CerberusV verification: model_load_time = 0.0000s | inference_time = 6.9948s
3079724515/8: deterministic=True (retrieval=True, raw_answer=False) [69.6s]
[scene_retrieval] shortlisted 5/24 scenes, margin=0.0014 tau=0.015 branch=descend base_pool=24 post_pull_pool=24 cross_scene_edges_added=10
[DEBUG] CerberusV verification: model_load_time = 0.0000s | inference_time = 2.4951s
[scene_retrieval] shortlisted 5/24 scenes, margin=0.0014 tau=0.015 branch=descend base_pool=24 post_pull_pool=24 cross_scene_edges_added=10
[DEBUG] CerberusV verification: model_load_time = 0.0000s | inference_time = 6.4090s
3079724515/0: deterministic=True (retrieval=True, raw_answer=False) [53.0s]
[scene_retrieval] shortlisted 5/24 scenes, margin=0.0049 tau=0.015 branch=descend base_pool=28 post_pull_pool=32 cross_scene_edges_added=15
[DEBUG] CerberusV verification: model_load_time = 0.0000s | inference_time = 2.8135s
[scene_retrieval] shortlisted 5/24 scenes, margin=0.0049 tau=0.015 branch=descend base_pool=28 post_pull_pool=32 cross_scene_edges_added=15
[DEBUG] CerberusV verification: model_load_time = 0.0000s | inference_time = 3.5786s
3079724515/9: deterministic=True (retrieval=True, raw_answer=False) [44.7s]
[scene_retrieval] shortlisted 3/3 scenes, base_pool=33 margin=0.0227 tau=0.015 branch=shortcut
[DEBUG] CerberusV verification: model_load_time = 0.0005s | inference_time = 3.8431s
[scene_retrieval] shortlisted 3/3 scenes, base_pool=33 margin=0.0227 tau=0.015 branch=shortcut
[DEBUG] CerberusV verification: model_load_time = 0.0000s | inference_time = 3.9720s
8900428927/0: deterministic=True (retrieval=True, raw_answer=False) [48.7s]
[scene_retrieval] shortlisted 3/3 scenes, base_pool=33 margin=0.0154 tau=0.015 branch=shortcut
[DEBUG] CerberusV verification: model_load_time = 0.0000s | inference_time = 2.5959s
[scene_retrieval] shortlisted 3/3 scenes, base_pool=33 margin=0.0154 tau=0.015 branch=shortcut
[DEBUG] CerberusV verification: model_load_time = 0.0000s | inference_time = 2.5260s
8900428927/13: deterministic=True (retrieval=True, raw_answer=False) [42.2s]
[scene_retrieval] shortlisted 3/3 scenes, base_pool=33 margin=0.0267 tau=0.015 branch=shortcut
[DEBUG] CerberusV verification: model_load_time = 0.0000s | inference_time = 2.8210s
[scene_retrieval] shortlisted 3/3 scenes, base_pool=33 margin=0.0267 tau=0.015 branch=shortcut
[DEBUG] CerberusV verification: model_load_time = 0.0000s | inference_time = 3.1173s
8900428927/8: deterministic=True (retrieval=True, raw_answer=False) [43.2s]
[scene_retrieval] shortlisted 3/3 scenes, margin=0.0068 tau=0.015 branch=descend base_pool=33 post_pull_pool=33 cross_scene_edges_added=3
[DEBUG] CerberusV verification: model_load_time = 0.0000s | inference_time = 6.1324s
[scene_retrieval] shortlisted 3/3 scenes, margin=0.0068 tau=0.015 branch=descend base_pool=33 post_pull_pool=33 cross_scene_edges_added=3
[DEBUG] CerberusV verification: model_load_time = 0.0000s | inference_time = 5.3147s
8900428927/2: deterministic=True (retrieval=True, raw_answer=False) [63.6s]

11/12 deterministic after seed fix (answerer_seed=42)
