`torch_dtype` is deprecated! Use `dtype` instead!
Using a slow image processor as `use_fast` is unset and a slow processor was saved with this model. `use_fast=True` will be the default behavior in v4.52, even if the model was saved with a slow processor. This will result in minor differences in outputs. You'll still be able to use a slow processor with `use_fast=False`.
[scene_retrieval] shortlisted 5/18 scenes, margin=0.0065 tau=0.015 branch=descend base_pool=23 post_pull_pool=23 cross_scene_edges_added=10
[INFO] Loading BLIP model on cpu (first run will download ~990MB)...
[INFO] BLIP model loaded successfully.
[DEBUG] CerberusV verification: model_load_time = 6.4518s | inference_time = 4.8632s
[scene_retrieval] shortlisted 5/18 scenes, margin=0.0065 tau=0.015 branch=descend base_pool=23 post_pull_pool=23 cross_scene_edges_added=10
[DEBUG] CerberusV verification: model_load_time = 0.0000s | inference_time = 3.0915s
6936757706/11: deterministic=True (retrieval=True, raw_answer=True) [105.1s]
[scene_retrieval] shortlisted 5/18 scenes, margin=0.0018 tau=0.015 branch=descend base_pool=25 post_pull_pool=25 cross_scene_edges_added=10
[DEBUG] CerberusV verification: model_load_time = 0.0000s | inference_time = 8.3970s
[scene_retrieval] shortlisted 5/18 scenes, margin=0.0018 tau=0.015 branch=descend base_pool=25 post_pull_pool=25 cross_scene_edges_added=10
[DEBUG] CerberusV verification: model_load_time = 0.0000s | inference_time = 7.9447s
6936757706/0: deterministic=True (retrieval=True, raw_answer=False) [69.3s]
[scene_retrieval] shortlisted 5/18 scenes, margin=0.0026 tau=0.015 branch=descend base_pool=25 post_pull_pool=25 cross_scene_edges_added=10
[DEBUG] CerberusV verification: model_load_time = 0.0000s | inference_time = 10.4035s
[scene_retrieval] shortlisted 5/18 scenes, margin=0.0026 tau=0.015 branch=descend base_pool=25 post_pull_pool=25 cross_scene_edges_added=10
[DEBUG] CerberusV verification: model_load_time = 0.0000s | inference_time = 9.8338s
6936757706/14: deterministic=True (retrieval=True, raw_answer=False) [86.6s]
[scene_retrieval] shortlisted 5/18 scenes, margin=0.0030 tau=0.015 branch=descend base_pool=21 post_pull_pool=21 cross_scene_edges_added=10
[DEBUG] CerberusV verification: model_load_time = 0.0000s | inference_time = 4.0344s
[scene_retrieval] shortlisted 5/18 scenes, margin=0.0030 tau=0.015 branch=descend base_pool=21 post_pull_pool=21 cross_scene_edges_added=10
[DEBUG] CerberusV verification: model_load_time = 0.0000s | inference_time = 7.6651s
6936757706/7: deterministic=False (retrieval=True, raw_answer=False) [75.7s]
[scene_retrieval] shortlisted 5/24 scenes, margin=0.0033 tau=0.015 branch=descend base_pool=18 post_pull_pool=18 cross_scene_edges_added=10
[DEBUG] CerberusV verification: model_load_time = 0.0000s | inference_time = 5.5154s
[scene_retrieval] shortlisted 5/24 scenes, margin=0.0033 tau=0.015 branch=descend base_pool=18 post_pull_pool=18 cross_scene_edges_added=10
[DEBUG] CerberusV verification: model_load_time = 0.0000s | inference_time = 5.8040s
3079724515/6: deterministic=True (retrieval=True, raw_answer=False) [63.9s]
[scene_retrieval] shortlisted 5/24 scenes, margin=0.0029 tau=0.015 branch=descend base_pool=30 post_pull_pool=35 cross_scene_edges_added=21
[DEBUG] CerberusV verification: model_load_time = 0.0000s | inference_time = 8.5224s
[scene_retrieval] shortlisted 5/24 scenes, margin=0.0029 tau=0.015 branch=descend base_pool=30 post_pull_pool=35 cross_scene_edges_added=21
[DEBUG] CerberusV verification: model_load_time = 0.0000s | inference_time = 7.0161s
3079724515/8: deterministic=True (retrieval=True, raw_answer=False) [73.7s]
[scene_retrieval] shortlisted 5/24 scenes, margin=0.0014 tau=0.015 branch=descend base_pool=24 post_pull_pool=24 cross_scene_edges_added=10
[DEBUG] CerberusV verification: model_load_time = 0.0000s | inference_time = 2.8707s
[scene_retrieval] shortlisted 5/24 scenes, margin=0.0014 tau=0.015 branch=descend base_pool=24 post_pull_pool=24 cross_scene_edges_added=10
[DEBUG] CerberusV verification: model_load_time = 0.0000s | inference_time = 7.0793s
3079724515/0: deterministic=True (retrieval=True, raw_answer=False) [57.4s]
[scene_retrieval] shortlisted 5/24 scenes, margin=0.0049 tau=0.015 branch=descend base_pool=28 post_pull_pool=32 cross_scene_edges_added=15
[DEBUG] CerberusV verification: model_load_time = 0.0000s | inference_time = 3.2599s
[scene_retrieval] shortlisted 5/24 scenes, margin=0.0049 tau=0.015 branch=descend base_pool=28 post_pull_pool=32 cross_scene_edges_added=15
[DEBUG] CerberusV verification: model_load_time = 0.0000s | inference_time = 4.2667s
3079724515/9: deterministic=True (retrieval=True, raw_answer=False) [49.6s]
[scene_retrieval] shortlisted 3/3 scenes, base_pool=33 margin=0.0227 tau=0.015 branch=shortcut
[DEBUG] CerberusV verification: model_load_time = 0.0000s | inference_time = 3.8290s
[scene_retrieval] shortlisted 3/3 scenes, base_pool=33 margin=0.0227 tau=0.015 branch=shortcut
[DEBUG] CerberusV verification: model_load_time = 0.0000s | inference_time = 4.6380s
8900428927/0: deterministic=True (retrieval=True, raw_answer=False) [54.9s]
[scene_retrieval] shortlisted 3/3 scenes, base_pool=33 margin=0.0154 tau=0.015 branch=shortcut
[DEBUG] CerberusV verification: model_load_time = 0.0000s | inference_time = 2.3659s
[scene_retrieval] shortlisted 3/3 scenes, base_pool=33 margin=0.0154 tau=0.015 branch=shortcut
[DEBUG] CerberusV verification: model_load_time = 0.0000s | inference_time = 2.9580s
8900428927/13: deterministic=True (retrieval=True, raw_answer=False) [44.9s]
[scene_retrieval] shortlisted 3/3 scenes, base_pool=33 margin=0.0267 tau=0.015 branch=shortcut
[DEBUG] CerberusV verification: model_load_time = 0.0000s | inference_time = 3.1162s
[scene_retrieval] shortlisted 3/3 scenes, base_pool=33 margin=0.0267 tau=0.015 branch=shortcut
[DEBUG] CerberusV verification: model_load_time = 0.0000s | inference_time = 3.0120s
8900428927/8: deterministic=True (retrieval=True, raw_answer=False) [44.7s]
[scene_retrieval] shortlisted 3/3 scenes, margin=0.0068 tau=0.015 branch=descend base_pool=33 post_pull_pool=33 cross_scene_edges_added=3
[DEBUG] CerberusV verification: model_load_time = 0.0000s | inference_time = 7.3115s
[scene_retrieval] shortlisted 3/3 scenes, margin=0.0068 tau=0.015 branch=descend base_pool=33 post_pull_pool=33 cross_scene_edges_added=3
[DEBUG] CerberusV verification: model_load_time = 0.0000s | inference_time = 5.3933s
8900428927/2: deterministic=True (retrieval=True, raw_answer=False) [64.3s]

11/12 deterministic after seed fix (answerer_seed=42)
