[20:05:15] Videos to ingest (cold): ['3079724515', '6936757706', '8900428927']
[20:06:03] Ingested 3079724515: total=874 survivors=119 retention=13.616% wall=48.0607s rss_delta=939.82MB
[20:06:04] Cache parity 3079724515: PASS
[20:06:24] Ingested 6936757706: total=600 survivors=80 retention=13.333% wall=20.8092s rss_delta=91.61MB
[20:06:25] Cache parity 6936757706: PASS
[20:06:34] Ingested 8900428927: total=308 survivors=33 retention=10.714% wall=9.7136s rss_delta=-51.8MB
[20:06:35] Cache parity 8900428927: PASS
[20:06:35] Q 6936757706/11 (temporal, span=short): what did the boy in red do after he eat one spoon of his ice cream
[20:08:34]   run A: answer='Insufficient verified evidence to answer this question.' verified=False nonmutated=True
[20:09:04]   run B: answer='He eats one spoonful of it. After eating that spoon, he spits it out. Therefore,'
[20:09:04] Q 6936757706/0 (temporal, span=short): what did the lady do after she fed the girl in the middle of the video
[20:10:27]   run A: answer='Insufficient verified evidence to answer this question.' verified=False nonmutated=True
[20:10:40]   run B: answer='Insufficient verified evidence to answer this question.'
[20:10:40] Q 6936757706/14 (causal, span=long): why did the lady hold a spoon at the beginning of the video
[20:11:24]   run A: answer='Insufficient verified evidence to answer this question.' verified=False nonmutated=True
[20:11:41]   run B: answer='Insufficient verified evidence to answer this question.'
[20:11:41] Q 6936757706/7 (causal, span=long): why did the lady held the spoonful of ice cream and looked at the girl
[20:12:43]   run A: answer='The context suggests an offering or sharing interaction rather than seeking some' verified=False nonmutated=True
[20:12:57]   run B: answer='The context suggests a casual outdoor setting with social interaction, indicatin'
[20:12:57] Q 3079724515/6 (temporal, span=long): what is the boy in grey doing as the boy in green opens his envelope
[20:14:22]   run A: answer='looking at envelop - less specific than "look at the envelopes" E. drink from cu' verified=False nonmutated=True
[20:15:14]   run B: answer='looking at envelop - The caption uses "envelopes" (plural), so this option is in'
[20:15:14] Q 3079724515/8 (causal, span=long): why did the boy in green look back at the beginning of the video
[20:16:05]   run A: answer='Insufficient verified evidence to answer this question.' verified=False nonmutated=True
[20:16:24]   run B: answer='To wait for his partner or observe surroundings before starting." This directly '
[20:16:24] Q 3079724515/0 (temporal, span=long): what did the boy in black do after he walked to stand beside the boy i
[20:17:30]   run A: answer='Insufficient verified evidence to answer this question.' verified=False nonmutated=True
[20:17:55]   run B: answer='Insufficient verified evidence to answer this question.'
[20:17:55] Q 3079724515/9 (causal, span=long): how did the boy in grey eat his snacks
[20:19:30]   run A: answer='Insufficient verified evidence to answer this question.' verified=False nonmutated=True
[20:19:50]   run B: answer='The boy in grey ate his snacks using his hands. This is supported by multiple fr'
[20:19:50] Q 8900428927/0 (causal, span=long): why did the elephant pat on the back of the boy who is lying on the gr
[20:22:46]   run A: answer='Based on the frame evidence and captions, the most likely reason why the elephan' verified=False nonmutated=True
[20:23:53]   run B: answer='Based on the frame evidence and captions, the most likely reason why the elephan'
[20:23:53] Q 8900428927/13 (temporal, span=long): what did the elephant do after it finished massaging the boy
[20:25:12]   run A: answer='Insufficient verified evidence to answer this question.' verified=False nonmutated=True
[20:25:53]   run B: answer='Insufficient verified evidence to answer this question.'
[20:25:53] Q 8900428927/8 (causal, span=long): how was the elephant massaging the boy
[20:27:20]   run A: answer='Based on the frame evidence and captions, the best answer is: The elephant was u' verified=False nonmutated=True
[20:28:04]   run B: answer='Insufficient verified evidence to answer this question.'
[20:28:04] Q 8900428927/2 (temporal, span=short): what did the girl do when the boy completed his massage
[20:30:56]   run A: answer='The girl was lying down and interacting with the boy during the massage. When th' verified=False nonmutated=True
[20:31:19]   run B: answer='Insufficient verified evidence to answer this question.'
